OpenCL Platform: ARM Platform
	Device: Mali-G710 r0p0
		driverVersion: 3.0
		computeUnits:  7
		clockFreq:     5

Running 10 iterations of each benchmark

                                                                                                                TestCase           Mean         Median         StdDev            Min            Max   Type   Label [unit]
                                                         OneAtomic(api=ocl type=Float op=Xchg wgc=32 wgs=64 useEvents=1)       5263.400       5229.500          0.99%       5220.000       5364.000  [GPU]           [ns]
                                                          OneAtomic(api=ocl type=Int32 op=Add wgc=32 wgs=64 useEvents=1)       5231.400       5221.000          0.43%       5219.000       5284.000  [GPU]           [ns]
                                                         OneAtomic(api=ocl type=Int32 op=Xchg wgc=32 wgs=64 useEvents=1)       5284.800       5231.000          2.01%       5220.000       5574.000  [GPU]           [ns]
                                                          OneAtomic(api=ocl type=Int32 op=Inc wgc=32 wgs=64 useEvents=1)       5267.200       5231.000          1.08%       5220.000       5361.000  [GPU]           [ns]
                                                          OneAtomic(api=ocl type=Int32 op=Min wgc=32 wgs=64 useEvents=1)       5251.000       5222.000          0.88%       5220.000       5363.000  [GPU]           [ns]
                                                          OneAtomic(api=ocl type=Int32 op=And wgc=32 wgs=64 useEvents=1)       5288.600       5223.500          2.23%       5220.000       5616.000  [GPU]           [ns]
                   OneAtomicExplicit(api=ocl type=Float op=Xchg scope=Workgroup order=relaxed wgc=32 wgs=64 useEvents=1)       5255.800       5230.500          1.03%       5220.000       5364.000  [GPU]           [ns]
                   OneAtomicExplicit(api=ocl type=Float op=Xchg scope=Workgroup order=acquire wgc=32 wgs=64 useEvents=1)       5239.900       5221.000          0.65%       5219.000       5317.000  [GPU]           [ns]
                   OneAtomicExplicit(api=ocl type=Float op=Xchg scope=Workgroup order=release wgc=32 wgs=64 useEvents=1)       5303.500       5234.000          2.37%       5220.000       5641.000  [GPU]           [ns]
                   OneAtomicExplicit(api=ocl type=Float op=Xchg scope=Workgroup order=acq_rel wgc=32 wgs=64 useEvents=1)       5254.600       5226.000          0.92%       5220.000       5361.000  [GPU]           [ns]
                   OneAtomicExplicit(api=ocl type=Float op=Xchg scope=Workgroup order=seq_cst wgc=32 wgs=64 useEvents=1)       5235.400       5220.500          0.81%       5219.000       5362.000  [GPU]           [ns]
                      OneAtomicExplicit(api=ocl type=Float op=Xchg scope=Device order=relaxed wgc=32 wgs=64 useEvents=1)       5235.500       5222.500          0.70%       5220.000       5344.000  [GPU]           [ns]
                      OneAtomicExplicit(api=ocl type=Float op=Xchg scope=Device order=acquire wgc=32 wgs=64 useEvents=1)       5272.500       5221.500          2.90%       5219.000       5731.000  [GPU]           [ns]
                      OneAtomicExplicit(api=ocl type=Float op=Xchg scope=Device order=release wgc=32 wgs=64 useEvents=1)       5251.600       5222.000          1.07%       5221.000       5364.000  [GPU]           [ns]
                      OneAtomicExplicit(api=ocl type=Float op=Xchg scope=Device order=acq_rel wgc=32 wgs=64 useEvents=1)       5297.700       5307.500          1.05%       5221.000       5376.000  [GPU]           [ns]
                      OneAtomicExplicit(api=ocl type=Float op=Xchg scope=Device order=seq_cst wgc=32 wgs=64 useEvents=1)       5266.700       5230.000          1.08%       5219.000       5364.000  [GPU]           [ns]
                    OneAtomicExplicit(api=ocl type=Int32 op=Add scope=Workgroup order=relaxed wgc=32 wgs=64 useEvents=1)       5290.000       5295.500          1.08%       5221.000       5363.000  [GPU]           [ns]
                    OneAtomicExplicit(api=ocl type=Int32 op=Add scope=Workgroup order=acquire wgc=32 wgs=64 useEvents=1)       5270.300       5221.000          2.83%       5220.000       5718.000  [GPU]           [ns]
                    OneAtomicExplicit(api=ocl type=Int32 op=Add scope=Workgroup order=release wgc=32 wgs=64 useEvents=1)       5236.800       5221.000          0.80%       5220.000       5361.000  [GPU]           [ns]
                    OneAtomicExplicit(api=ocl type=Int32 op=Add scope=Workgroup order=acq_rel wgc=32 wgs=64 useEvents=1)       5244.600       5221.500          0.74%       5219.000       5319.000  [GPU]           [ns]
                    OneAtomicExplicit(api=ocl type=Int32 op=Add scope=Workgroup order=seq_cst wgc=32 wgs=64 useEvents=1)       5259.300       5223.000          1.08%       5220.000       5364.000  [GPU]           [ns]
                       OneAtomicExplicit(api=ocl type=Int32 op=Add scope=Device order=relaxed wgc=32 wgs=64 useEvents=1)       5253.300       5221.000          0.93%       5220.000       5362.000  [GPU]           [ns]
                       OneAtomicExplicit(api=ocl type=Int32 op=Add scope=Device order=acquire wgc=32 wgs=64 useEvents=1)       5259.100       5222.000          1.38%       5219.000       5438.000  [GPU]           [ns]
                       OneAtomicExplicit(api=ocl type=Int32 op=Add scope=Device order=release wgc=32 wgs=64 useEvents=1)       5237.400       5221.000          0.55%       5219.000       5295.000  [GPU]           [ns]
                       OneAtomicExplicit(api=ocl type=Int32 op=Add scope=Device order=acq_rel wgc=32 wgs=64 useEvents=1)       5259.800       5230.000          1.06%       5220.000       5364.000  [GPU]           [ns]
                       OneAtomicExplicit(api=ocl type=Int32 op=Add scope=Device order=seq_cst wgc=32 wgs=64 useEvents=1)       5251.500       5221.000          1.26%       5220.000       5440.000  [GPU]           [ns]
                   OneAtomicExplicit(api=ocl type=Int32 op=Xchg scope=Workgroup order=relaxed wgc=32 wgs=64 useEvents=1)       5257.300       5222.000          1.07%       5219.000       5364.000  [GPU]           [ns]
                   OneAtomicExplicit(api=ocl type=Int32 op=Xchg scope=Workgroup order=acquire wgc=32 wgs=64 useEvents=1)       5256.100       5221.500          0.98%       5220.000       5363.000  [GPU]           [ns]
                   OneAtomicExplicit(api=ocl type=Int32 op=Xchg scope=Workgroup order=release wgc=32 wgs=64 useEvents=1)       5239.300       5221.000          0.64%       5220.000       5317.000  [GPU]           [ns]
                   OneAtomicExplicit(api=ocl type=Int32 op=Xchg scope=Workgroup order=acq_rel wgc=32 wgs=64 useEvents=1)       5232.700       5221.500          0.54%       5221.000       5316.000  [GPU]           [ns]
                   OneAtomicExplicit(api=ocl type=Int32 op=Xchg scope=Workgroup order=seq_cst wgc=32 wgs=64 useEvents=1)       5252.700       5221.000          1.13%       5220.000       5378.000  [GPU]           [ns]
                      OneAtomicExplicit(api=ocl type=Int32 op=Xchg scope=Device order=relaxed wgc=32 wgs=64 useEvents=1)       5237.500       5221.500          0.81%       5220.000       5364.000  [GPU]           [ns]
                      OneAtomicExplicit(api=ocl type=Int32 op=Xchg scope=Device order=acquire wgc=32 wgs=64 useEvents=1)       5237.200       5221.500          0.79%       5220.000       5361.000  [GPU]           [ns]
                      OneAtomicExplicit(api=ocl type=Int32 op=Xchg scope=Device order=release wgc=32 wgs=64 useEvents=1)       5292.300       5221.000          2.96%       5220.000       5748.000  [GPU]           [ns]
                      OneAtomicExplicit(api=ocl type=Int32 op=Xchg scope=Device order=acq_rel wgc=32 wgs=64 useEvents=1)       5260.000       5230.000          1.05%       5220.000       5363.000  [GPU]           [ns]
                      OneAtomicExplicit(api=ocl type=Int32 op=Xchg scope=Device order=seq_cst wgc=32 wgs=64 useEvents=1)       5284.300       5222.000          2.72%       5220.000       5698.000  [GPU]           [ns]
                    OneAtomicExplicit(api=ocl type=Int32 op=Inc scope=Workgroup order=relaxed wgc=32 wgs=64 useEvents=1)       5245.900       5222.000          0.84%       5220.000       5359.000  [GPU]           [ns]
                    OneAtomicExplicit(api=ocl type=Int32 op=Inc scope=Workgroup order=acquire wgc=32 wgs=64 useEvents=1)       5269.800       5253.000          0.99%       5220.000       5364.000  [GPU]           [ns]
                    OneAtomicExplicit(api=ocl type=Int32 op=Inc scope=Workgroup order=release wgc=32 wgs=64 useEvents=1)       5242.100       5221.500          0.82%       5219.000       5362.000  [GPU]           [ns]
                    OneAtomicExplicit(api=ocl type=Int32 op=Inc scope=Workgroup order=acq_rel wgc=32 wgs=64 useEvents=1)       5268.500       5230.000          1.10%       5219.000       5367.000  [GPU]           [ns]
                    OneAtomicExplicit(api=ocl type=Int32 op=Inc scope=Workgroup order=seq_cst wgc=32 wgs=64 useEvents=1)       5284.800       5223.000          2.16%       5218.000       5597.000  [GPU]           [ns]
                       OneAtomicExplicit(api=ocl type=Int32 op=Inc scope=Device order=relaxed wgc=32 wgs=64 useEvents=1)       5222.400       5221.000          0.11%       5219.000       5239.000  [GPU]           [ns]
                       OneAtomicExplicit(api=ocl type=Int32 op=Inc scope=Device order=acquire wgc=32 wgs=64 useEvents=1)       5299.900       5299.000          0.83%       5220.000       5366.000  [GPU]           [ns]
                       OneAtomicExplicit(api=ocl type=Int32 op=Inc scope=Device order=release wgc=32 wgs=64 useEvents=1)       6683.200       5316.500         58.50%       5220.000      18381.000  [GPU]           [ns]
                       OneAtomicExplicit(api=ocl type=Int32 op=Inc scope=Device order=acq_rel wgc=32 wgs=64 useEvents=1)       5221.000       5221.000          0.02%       5219.000       5223.000  [GPU]           [ns]
                       OneAtomicExplicit(api=ocl type=Int32 op=Inc scope=Device order=seq_cst wgc=32 wgs=64 useEvents=1)       5222.700       5221.000          0.11%       5219.000       5240.000  [GPU]           [ns]
                    OneAtomicExplicit(api=ocl type=Int32 op=Min scope=Workgroup order=relaxed wgc=32 wgs=64 useEvents=1)       5231.800       5221.000          0.54%       5220.000       5316.000  [GPU]           [ns]
                    OneAtomicExplicit(api=ocl type=Int32 op=Min scope=Workgroup order=acquire wgc=32 wgs=64 useEvents=1)       5223.300       5221.000          0.11%       5220.000       5240.000  [GPU]           [ns]
                    OneAtomicExplicit(api=ocl type=Int32 op=Min scope=Workgroup order=release wgc=32 wgs=64 useEvents=1)       5278.600       5286.000          0.92%       5220.000       5366.000  [GPU]           [ns]
                    OneAtomicExplicit(api=ocl type=Int32 op=Min scope=Workgroup order=acq_rel wgc=32 wgs=64 useEvents=1)       5222.500       5221.000          0.11%       5219.000       5240.000  [GPU]           [ns]
                    OneAtomicExplicit(api=ocl type=Int32 op=Min scope=Workgroup order=seq_cst wgc=32 wgs=64 useEvents=1)       5232.400       5221.000          0.54%       5220.000       5316.000  [GPU]           [ns]
                       OneAtomicExplicit(api=ocl type=Int32 op=Min scope=Device order=relaxed wgc=32 wgs=64 useEvents=1)       5246.800       5221.500          0.90%       5220.000       5362.000  [GPU]           [ns]
                       OneAtomicExplicit(api=ocl type=Int32 op=Min scope=Device order=acquire wgc=32 wgs=64 useEvents=1)       5264.300       5222.500          1.35%       5220.000       5447.000  [GPU]           [ns]
                       OneAtomicExplicit(api=ocl type=Int32 op=Min scope=Device order=release wgc=32 wgs=64 useEvents=1)       5272.100       5221.000          2.16%       5220.000       5590.000  [GPU]           [ns]
                       OneAtomicExplicit(api=ocl type=Int32 op=Min scope=Device order=acq_rel wgc=32 wgs=64 useEvents=1)       5278.200       5221.000          2.68%       5220.000       5694.000  [GPU]           [ns]
                       OneAtomicExplicit(api=ocl type=Int32 op=Min scope=Device order=seq_cst wgc=32 wgs=64 useEvents=1)       5232.300       5221.000          0.55%       5220.000       5317.000  [GPU]           [ns]
                    OneAtomicExplicit(api=ocl type=Int32 op=And scope=Workgroup order=relaxed wgc=32 wgs=64 useEvents=1)       5220.500       5221.000          0.01%       5219.000       5221.000  [GPU]           [ns]
                    OneAtomicExplicit(api=ocl type=Int32 op=And scope=Workgroup order=acquire wgc=32 wgs=64 useEvents=1)       5358.900       5293.000          4.24%       5220.000       6022.000  [GPU]           [ns]
                    OneAtomicExplicit(api=ocl type=Int32 op=And scope=Workgroup order=release wgc=32 wgs=64 useEvents=1)       5232.200       5221.000          0.54%       5219.000       5316.000  [GPU]           [ns]
                    OneAtomicExplicit(api=ocl type=Int32 op=And scope=Workgroup order=acq_rel wgc=32 wgs=64 useEvents=1)       5261.500       5221.000          2.30%       5220.000       5624.000  [GPU]           [ns]
                    OneAtomicExplicit(api=ocl type=Int32 op=And scope=Workgroup order=seq_cst wgc=32 wgs=64 useEvents=1)       5237.300       5221.500          0.80%       5220.000       5362.000  [GPU]           [ns]
                       OneAtomicExplicit(api=ocl type=Int32 op=And scope=Device order=relaxed wgc=32 wgs=64 useEvents=1)       5264.500       5233.500          0.95%       5220.000       5359.000  [GPU]           [ns]
                       OneAtomicExplicit(api=ocl type=Int32 op=And scope=Device order=acquire wgc=32 wgs=64 useEvents=1)       5231.400       5222.000          0.44%       5220.000       5299.000  [GPU]           [ns]
                       OneAtomicExplicit(api=ocl type=Int32 op=And scope=Device order=release wgc=32 wgs=64 useEvents=1)       5230.000       5221.000          0.43%       5220.000       5296.000  [GPU]           [ns]
                       OneAtomicExplicit(api=ocl type=Int32 op=And scope=Device order=acq_rel wgc=32 wgs=64 useEvents=1)       5220.300       5220.000          0.01%       5219.000       5222.000  [GPU]           [ns]
                       OneAtomicExplicit(api=ocl type=Int32 op=And scope=Device order=seq_cst wgc=32 wgs=64 useEvents=1)       5257.700       5222.000          1.10%       5221.000       5364.000  [GPU]           [ns]
                                                            OneLocalAtomic(api=ocl type=Float op=Xchg wgs=1 useEvents=1)                                        ERROR
                                                          OneLocalAtomic(api=ocl type=Float op=Xchg wgs=256 useEvents=1)                                        ERROR
                                                             OneLocalAtomic(api=ocl type=Int32 op=Add wgs=1 useEvents=1)                                        ERROR
                                                           OneLocalAtomic(api=ocl type=Int32 op=Add wgs=256 useEvents=1)                                        ERROR
                                                            OneLocalAtomic(api=ocl type=Int32 op=Xchg wgs=1 useEvents=1)                                        ERROR
                                                          OneLocalAtomic(api=ocl type=Int32 op=Xchg wgs=256 useEvents=1)                                        ERROR
                                                             OneLocalAtomic(api=ocl type=Int32 op=Inc wgs=1 useEvents=1)                                        ERROR
                                                           OneLocalAtomic(api=ocl type=Int32 op=Inc wgs=256 useEvents=1)                                        ERROR
                                                             OneLocalAtomic(api=ocl type=Int32 op=Min wgs=1 useEvents=1)                                        ERROR
                                                           OneLocalAtomic(api=ocl type=Int32 op=Min wgs=256 useEvents=1)                                        ERROR
                                                             OneLocalAtomic(api=ocl type=Int32 op=And wgs=1 useEvents=1)                                        ERROR
                                                           OneLocalAtomic(api=ocl type=Int32 op=And wgs=256 useEvents=1)                                        ERROR
                      OneLocalAtomicExplicit(api=ocl type=Float op=Xchg scope=Workgroup order=relaxed wgs=1 useEvents=1)                                        ERROR
                    OneLocalAtomicExplicit(api=ocl type=Float op=Xchg scope=Workgroup order=relaxed wgs=256 useEvents=1)                                        ERROR
                      OneLocalAtomicExplicit(api=ocl type=Float op=Xchg scope=Workgroup order=acquire wgs=1 useEvents=1)                                        ERROR
                    OneLocalAtomicExplicit(api=ocl type=Float op=Xchg scope=Workgroup order=acquire wgs=256 useEvents=1)                                        ERROR
                      OneLocalAtomicExplicit(api=ocl type=Float op=Xchg scope=Workgroup order=release wgs=1 useEvents=1)                                        ERROR
                    OneLocalAtomicExplicit(api=ocl type=Float op=Xchg scope=Workgroup order=release wgs=256 useEvents=1)                                        ERROR
                      OneLocalAtomicExplicit(api=ocl type=Float op=Xchg scope=Workgroup order=acq_rel wgs=1 useEvents=1)                                        ERROR
                    OneLocalAtomicExplicit(api=ocl type=Float op=Xchg scope=Workgroup order=acq_rel wgs=256 useEvents=1)                                        ERROR
                      OneLocalAtomicExplicit(api=ocl type=Float op=Xchg scope=Workgroup order=seq_cst wgs=1 useEvents=1)                                        ERROR
                    OneLocalAtomicExplicit(api=ocl type=Float op=Xchg scope=Workgroup order=seq_cst wgs=256 useEvents=1)                                        ERROR
                         OneLocalAtomicExplicit(api=ocl type=Float op=Xchg scope=Device order=relaxed wgs=1 useEvents=1)                                        ERROR
                       OneLocalAtomicExplicit(api=ocl type=Float op=Xchg scope=Device order=relaxed wgs=256 useEvents=1)                                        ERROR
                         OneLocalAtomicExplicit(api=ocl type=Float op=Xchg scope=Device order=acquire wgs=1 useEvents=1)                                        ERROR
                       OneLocalAtomicExplicit(api=ocl type=Float op=Xchg scope=Device order=acquire wgs=256 useEvents=1)                                        ERROR
                         OneLocalAtomicExplicit(api=ocl type=Float op=Xchg scope=Device order=release wgs=1 useEvents=1)                                        ERROR
                       OneLocalAtomicExplicit(api=ocl type=Float op=Xchg scope=Device order=release wgs=256 useEvents=1)                                        ERROR
                         OneLocalAtomicExplicit(api=ocl type=Float op=Xchg scope=Device order=acq_rel wgs=1 useEvents=1)                                        ERROR
                       OneLocalAtomicExplicit(api=ocl type=Float op=Xchg scope=Device order=acq_rel wgs=256 useEvents=1)                                        ERROR
                         OneLocalAtomicExplicit(api=ocl type=Float op=Xchg scope=Device order=seq_cst wgs=1 useEvents=1)                                        ERROR
                       OneLocalAtomicExplicit(api=ocl type=Float op=Xchg scope=Device order=seq_cst wgs=256 useEvents=1)                                        ERROR
                       OneLocalAtomicExplicit(api=ocl type=Int32 op=Add scope=Workgroup order=relaxed wgs=1 useEvents=1)                                        ERROR
                     OneLocalAtomicExplicit(api=ocl type=Int32 op=Add scope=Workgroup order=relaxed wgs=256 useEvents=1)                                        ERROR
                       OneLocalAtomicExplicit(api=ocl type=Int32 op=Add scope=Workgroup order=acquire wgs=1 useEvents=1)                                        ERROR
                     OneLocalAtomicExplicit(api=ocl type=Int32 op=Add scope=Workgroup order=acquire wgs=256 useEvents=1)                                        ERROR
                       OneLocalAtomicExplicit(api=ocl type=Int32 op=Add scope=Workgroup order=release wgs=1 useEvents=1)                                        ERROR
                     OneLocalAtomicExplicit(api=ocl type=Int32 op=Add scope=Workgroup order=release wgs=256 useEvents=1)                                        ERROR
                       OneLocalAtomicExplicit(api=ocl type=Int32 op=Add scope=Workgroup order=acq_rel wgs=1 useEvents=1)                                        ERROR
                     OneLocalAtomicExplicit(api=ocl type=Int32 op=Add scope=Workgroup order=acq_rel wgs=256 useEvents=1)                                        ERROR
                       OneLocalAtomicExplicit(api=ocl type=Int32 op=Add scope=Workgroup order=seq_cst wgs=1 useEvents=1)                                        ERROR
                     OneLocalAtomicExplicit(api=ocl type=Int32 op=Add scope=Workgroup order=seq_cst wgs=256 useEvents=1)                                        ERROR
                          OneLocalAtomicExplicit(api=ocl type=Int32 op=Add scope=Device order=relaxed wgs=1 useEvents=1)                                        ERROR
                        OneLocalAtomicExplicit(api=ocl type=Int32 op=Add scope=Device order=relaxed wgs=256 useEvents=1)                                        ERROR
                          OneLocalAtomicExplicit(api=ocl type=Int32 op=Add scope=Device order=acquire wgs=1 useEvents=1)                                        ERROR
                        OneLocalAtomicExplicit(api=ocl type=Int32 op=Add scope=Device order=acquire wgs=256 useEvents=1)                                        ERROR
                          OneLocalAtomicExplicit(api=ocl type=Int32 op=Add scope=Device order=release wgs=1 useEvents=1)                                        ERROR
                        OneLocalAtomicExplicit(api=ocl type=Int32 op=Add scope=Device order=release wgs=256 useEvents=1)                                        ERROR
                          OneLocalAtomicExplicit(api=ocl type=Int32 op=Add scope=Device order=acq_rel wgs=1 useEvents=1)                                        ERROR
                        OneLocalAtomicExplicit(api=ocl type=Int32 op=Add scope=Device order=acq_rel wgs=256 useEvents=1)                                        ERROR
                          OneLocalAtomicExplicit(api=ocl type=Int32 op=Add scope=Device order=seq_cst wgs=1 useEvents=1)                                        ERROR
                        OneLocalAtomicExplicit(api=ocl type=Int32 op=Add scope=Device order=seq_cst wgs=256 useEvents=1)                                        ERROR
                      OneLocalAtomicExplicit(api=ocl type=Int32 op=Xchg scope=Workgroup order=relaxed wgs=1 useEvents=1)                                        ERROR
                    OneLocalAtomicExplicit(api=ocl type=Int32 op=Xchg scope=Workgroup order=relaxed wgs=256 useEvents=1)                                        ERROR
                      OneLocalAtomicExplicit(api=ocl type=Int32 op=Xchg scope=Workgroup order=acquire wgs=1 useEvents=1)                                        ERROR
                    OneLocalAtomicExplicit(api=ocl type=Int32 op=Xchg scope=Workgroup order=acquire wgs=256 useEvents=1)                                        ERROR
                      OneLocalAtomicExplicit(api=ocl type=Int32 op=Xchg scope=Workgroup order=release wgs=1 useEvents=1)                                        ERROR
                    OneLocalAtomicExplicit(api=ocl type=Int32 op=Xchg scope=Workgroup order=release wgs=256 useEvents=1)                                        ERROR
                      OneLocalAtomicExplicit(api=ocl type=Int32 op=Xchg scope=Workgroup order=acq_rel wgs=1 useEvents=1)                                        ERROR
                    OneLocalAtomicExplicit(api=ocl type=Int32 op=Xchg scope=Workgroup order=acq_rel wgs=256 useEvents=1)                                        ERROR
                      OneLocalAtomicExplicit(api=ocl type=Int32 op=Xchg scope=Workgroup order=seq_cst wgs=1 useEvents=1)                                        ERROR
                    OneLocalAtomicExplicit(api=ocl type=Int32 op=Xchg scope=Workgroup order=seq_cst wgs=256 useEvents=1)                                        ERROR
                         OneLocalAtomicExplicit(api=ocl type=Int32 op=Xchg scope=Device order=relaxed wgs=1 useEvents=1)                                        ERROR
                       OneLocalAtomicExplicit(api=ocl type=Int32 op=Xchg scope=Device order=relaxed wgs=256 useEvents=1)                                        ERROR
                         OneLocalAtomicExplicit(api=ocl type=Int32 op=Xchg scope=Device order=acquire wgs=1 useEvents=1)                                        ERROR
                       OneLocalAtomicExplicit(api=ocl type=Int32 op=Xchg scope=Device order=acquire wgs=256 useEvents=1)                                        ERROR
                         OneLocalAtomicExplicit(api=ocl type=Int32 op=Xchg scope=Device order=release wgs=1 useEvents=1)                                        ERROR
                       OneLocalAtomicExplicit(api=ocl type=Int32 op=Xchg scope=Device order=release wgs=256 useEvents=1)                                        ERROR
                         OneLocalAtomicExplicit(api=ocl type=Int32 op=Xchg scope=Device order=acq_rel wgs=1 useEvents=1)                                        ERROR
                       OneLocalAtomicExplicit(api=ocl type=Int32 op=Xchg scope=Device order=acq_rel wgs=256 useEvents=1)                                        ERROR
                         OneLocalAtomicExplicit(api=ocl type=Int32 op=Xchg scope=Device order=seq_cst wgs=1 useEvents=1)                                        ERROR
                       OneLocalAtomicExplicit(api=ocl type=Int32 op=Xchg scope=Device order=seq_cst wgs=256 useEvents=1)                                        ERROR
                       OneLocalAtomicExplicit(api=ocl type=Int32 op=Inc scope=Workgroup order=relaxed wgs=1 useEvents=1)                                        ERROR
                     OneLocalAtomicExplicit(api=ocl type=Int32 op=Inc scope=Workgroup order=relaxed wgs=256 useEvents=1)                                        ERROR
                       OneLocalAtomicExplicit(api=ocl type=Int32 op=Inc scope=Workgroup order=acquire wgs=1 useEvents=1)                                        ERROR
                     OneLocalAtomicExplicit(api=ocl type=Int32 op=Inc scope=Workgroup order=acquire wgs=256 useEvents=1)                                        ERROR
                       OneLocalAtomicExplicit(api=ocl type=Int32 op=Inc scope=Workgroup order=release wgs=1 useEvents=1)                                        ERROR
                     OneLocalAtomicExplicit(api=ocl type=Int32 op=Inc scope=Workgroup order=release wgs=256 useEvents=1)                                        ERROR
                       OneLocalAtomicExplicit(api=ocl type=Int32 op=Inc scope=Workgroup order=acq_rel wgs=1 useEvents=1)                                        ERROR
                     OneLocalAtomicExplicit(api=ocl type=Int32 op=Inc scope=Workgroup order=acq_rel wgs=256 useEvents=1)                                        ERROR
                       OneLocalAtomicExplicit(api=ocl type=Int32 op=Inc scope=Workgroup order=seq_cst wgs=1 useEvents=1)                                        ERROR
                     OneLocalAtomicExplicit(api=ocl type=Int32 op=Inc scope=Workgroup order=seq_cst wgs=256 useEvents=1)                                        ERROR
                          OneLocalAtomicExplicit(api=ocl type=Int32 op=Inc scope=Device order=relaxed wgs=1 useEvents=1)                                        ERROR
                        OneLocalAtomicExplicit(api=ocl type=Int32 op=Inc scope=Device order=relaxed wgs=256 useEvents=1)                                        ERROR
                          OneLocalAtomicExplicit(api=ocl type=Int32 op=Inc scope=Device order=acquire wgs=1 useEvents=1)                                        ERROR
                        OneLocalAtomicExplicit(api=ocl type=Int32 op=Inc scope=Device order=acquire wgs=256 useEvents=1)                                        ERROR
                          OneLocalAtomicExplicit(api=ocl type=Int32 op=Inc scope=Device order=release wgs=1 useEvents=1)                                        ERROR
                        OneLocalAtomicExplicit(api=ocl type=Int32 op=Inc scope=Device order=release wgs=256 useEvents=1)                                        ERROR
                          OneLocalAtomicExplicit(api=ocl type=Int32 op=Inc scope=Device order=acq_rel wgs=1 useEvents=1)                                        ERROR
                        OneLocalAtomicExplicit(api=ocl type=Int32 op=Inc scope=Device order=acq_rel wgs=256 useEvents=1)                                        ERROR
                          OneLocalAtomicExplicit(api=ocl type=Int32 op=Inc scope=Device order=seq_cst wgs=1 useEvents=1)                                        ERROR
                        OneLocalAtomicExplicit(api=ocl type=Int32 op=Inc scope=Device order=seq_cst wgs=256 useEvents=1)                                        ERROR
                       OneLocalAtomicExplicit(api=ocl type=Int32 op=Min scope=Workgroup order=relaxed wgs=1 useEvents=1)                                        ERROR
                     OneLocalAtomicExplicit(api=ocl type=Int32 op=Min scope=Workgroup order=relaxed wgs=256 useEvents=1)                                        ERROR
                       OneLocalAtomicExplicit(api=ocl type=Int32 op=Min scope=Workgroup order=acquire wgs=1 useEvents=1)                                        ERROR
                     OneLocalAtomicExplicit(api=ocl type=Int32 op=Min scope=Workgroup order=acquire wgs=256 useEvents=1)                                        ERROR
                       OneLocalAtomicExplicit(api=ocl type=Int32 op=Min scope=Workgroup order=release wgs=1 useEvents=1)                                        ERROR
                     OneLocalAtomicExplicit(api=ocl type=Int32 op=Min scope=Workgroup order=release wgs=256 useEvents=1)                                        ERROR
                       OneLocalAtomicExplicit(api=ocl type=Int32 op=Min scope=Workgroup order=acq_rel wgs=1 useEvents=1)                                        ERROR
                     OneLocalAtomicExplicit(api=ocl type=Int32 op=Min scope=Workgroup order=acq_rel wgs=256 useEvents=1)                                        ERROR
                       OneLocalAtomicExplicit(api=ocl type=Int32 op=Min scope=Workgroup order=seq_cst wgs=1 useEvents=1)                                        ERROR
                     OneLocalAtomicExplicit(api=ocl type=Int32 op=Min scope=Workgroup order=seq_cst wgs=256 useEvents=1)                                        ERROR
                          OneLocalAtomicExplicit(api=ocl type=Int32 op=Min scope=Device order=relaxed wgs=1 useEvents=1)                                        ERROR
                        OneLocalAtomicExplicit(api=ocl type=Int32 op=Min scope=Device order=relaxed wgs=256 useEvents=1)                                        ERROR
                          OneLocalAtomicExplicit(api=ocl type=Int32 op=Min scope=Device order=acquire wgs=1 useEvents=1)                                        ERROR
                        OneLocalAtomicExplicit(api=ocl type=Int32 op=Min scope=Device order=acquire wgs=256 useEvents=1)                                        ERROR
                          OneLocalAtomicExplicit(api=ocl type=Int32 op=Min scope=Device order=release wgs=1 useEvents=1)                                        ERROR
                        OneLocalAtomicExplicit(api=ocl type=Int32 op=Min scope=Device order=release wgs=256 useEvents=1)                                        ERROR
                          OneLocalAtomicExplicit(api=ocl type=Int32 op=Min scope=Device order=acq_rel wgs=1 useEvents=1)                                        ERROR
                        OneLocalAtomicExplicit(api=ocl type=Int32 op=Min scope=Device order=acq_rel wgs=256 useEvents=1)                                        ERROR
                          OneLocalAtomicExplicit(api=ocl type=Int32 op=Min scope=Device order=seq_cst wgs=1 useEvents=1)                                        ERROR
                        OneLocalAtomicExplicit(api=ocl type=Int32 op=Min scope=Device order=seq_cst wgs=256 useEvents=1)                                        ERROR
                       OneLocalAtomicExplicit(api=ocl type=Int32 op=And scope=Workgroup order=relaxed wgs=1 useEvents=1)                                        ERROR
                     OneLocalAtomicExplicit(api=ocl type=Int32 op=And scope=Workgroup order=relaxed wgs=256 useEvents=1)                                        ERROR
                       OneLocalAtomicExplicit(api=ocl type=Int32 op=And scope=Workgroup order=acquire wgs=1 useEvents=1)                                        ERROR
                     OneLocalAtomicExplicit(api=ocl type=Int32 op=And scope=Workgroup order=acquire wgs=256 useEvents=1)                                        ERROR
                       OneLocalAtomicExplicit(api=ocl type=Int32 op=And scope=Workgroup order=release wgs=1 useEvents=1)                                        ERROR
                     OneLocalAtomicExplicit(api=ocl type=Int32 op=And scope=Workgroup order=release wgs=256 useEvents=1)                                        ERROR
                       OneLocalAtomicExplicit(api=ocl type=Int32 op=And scope=Workgroup order=acq_rel wgs=1 useEvents=1)                                        ERROR
                     OneLocalAtomicExplicit(api=ocl type=Int32 op=And scope=Workgroup order=acq_rel wgs=256 useEvents=1)                                        ERROR
                       OneLocalAtomicExplicit(api=ocl type=Int32 op=And scope=Workgroup order=seq_cst wgs=1 useEvents=1)                                        ERROR
                     OneLocalAtomicExplicit(api=ocl type=Int32 op=And scope=Workgroup order=seq_cst wgs=256 useEvents=1)                                        ERROR
                          OneLocalAtomicExplicit(api=ocl type=Int32 op=And scope=Device order=relaxed wgs=1 useEvents=1)                                        ERROR
                        OneLocalAtomicExplicit(api=ocl type=Int32 op=And scope=Device order=relaxed wgs=256 useEvents=1)                                        ERROR
                          OneLocalAtomicExplicit(api=ocl type=Int32 op=And scope=Device order=acquire wgs=1 useEvents=1)                                        ERROR
                        OneLocalAtomicExplicit(api=ocl type=Int32 op=And scope=Device order=acquire wgs=256 useEvents=1)                                        ERROR
                          OneLocalAtomicExplicit(api=ocl type=Int32 op=And scope=Device order=release wgs=1 useEvents=1)                                        ERROR
                        OneLocalAtomicExplicit(api=ocl type=Int32 op=And scope=Device order=release wgs=256 useEvents=1)                                        ERROR
                          OneLocalAtomicExplicit(api=ocl type=Int32 op=And scope=Device order=acq_rel wgs=1 useEvents=1)                                        ERROR
                        OneLocalAtomicExplicit(api=ocl type=Int32 op=And scope=Device order=acq_rel wgs=256 useEvents=1)                                        ERROR
                          OneLocalAtomicExplicit(api=ocl type=Int32 op=And scope=Device order=seq_cst wgs=1 useEvents=1)                                        ERROR
                        OneLocalAtomicExplicit(api=ocl type=Int32 op=And scope=Device order=seq_cst wgs=256 useEvents=1)                                        ERROR
                             SeparateAtomics(api=ocl type=Float op=Xchg atomicsPerCacheline=1 wgc=32 wgs=64 useEvents=1)       2108.600       2036.000         17.29%       1828.000       3163.000  [GPU]           [ns]
                             SeparateAtomics(api=ocl type=Float op=Xchg atomicsPerCacheline=4 wgc=32 wgs=64 useEvents=1)       1005.000       1005.000          0.06%       1004.000       1006.000  [GPU]           [ns]
                              SeparateAtomics(api=ocl type=Int32 op=Add atomicsPerCacheline=1 wgc=32 wgs=64 useEvents=1)       2150.300       1971.000         21.73%       1829.000       3132.000  [GPU]           [ns]
                              SeparateAtomics(api=ocl type=Int32 op=Add atomicsPerCacheline=4 wgc=32 wgs=64 useEvents=1)       1004.700       1005.000          0.05%       1004.000       1005.000  [GPU]           [ns]
                             SeparateAtomics(api=ocl type=Int32 op=Xchg atomicsPerCacheline=1 wgc=32 wgs=64 useEvents=1)       2010.300       1839.500         17.10%       1828.000       2993.000  [GPU]           [ns]
                             SeparateAtomics(api=ocl type=Int32 op=Xchg atomicsPerCacheline=4 wgc=32 wgs=64 useEvents=1)       1005.000       1005.000          0.04%       1004.000       1006.000  [GPU]           [ns]
                              SeparateAtomics(api=ocl type=Int32 op=Inc atomicsPerCacheline=1 wgc=32 wgs=64 useEvents=1)       2291.000       2182.500         15.00%       1975.000       3247.000  [GPU]           [ns]
                              SeparateAtomics(api=ocl type=Int32 op=Inc atomicsPerCacheline=4 wgc=32 wgs=64 useEvents=1)        782.700        731.500         16.89%        673.000       1075.000  [GPU]           [ns]
                              SeparateAtomics(api=ocl type=Int32 op=Min atomicsPerCacheline=1 wgc=32 wgs=64 useEvents=1)       1907.200       1846.500          5.21%       1825.000       2095.000  [GPU]           [ns]
                              SeparateAtomics(api=ocl type=Int32 op=Min atomicsPerCacheline=4 wgc=32 wgs=64 useEvents=1)       1004.700       1005.000          0.05%       1004.000       1005.000  [GPU]           [ns]
                              SeparateAtomics(api=ocl type=Int32 op=And atomicsPerCacheline=1 wgc=32 wgs=64 useEvents=1)       2098.700       1838.000         19.18%       1828.000       2720.000  [GPU]           [ns]
                              SeparateAtomics(api=ocl type=Int32 op=And atomicsPerCacheline=4 wgc=32 wgs=64 useEvents=1)        809.100        732.000         17.89%        673.000       1075.000  [GPU]           [ns]
SeparateAtomicsExplicit(api=ocl type=Float op=Xchg atomicsPerCacheline=1 scope=Workgroup order=relaxed wgc=32 wgs=64 useEvents=1)                                        ERROR
SeparateAtomicsExplicit(api=ocl type=Float op=Xchg atomicsPerCacheline=1 scope=Workgroup order=acquire wgc=32 wgs=64 useEvents=1)                                        ERROR
SeparateAtomicsExplicit(api=ocl type=Float op=Xchg atomicsPerCacheline=1 scope=Workgroup order=release wgc=32 wgs=64 useEvents=1)                                        ERROR
SeparateAtomicsExplicit(api=ocl type=Float op=Xchg atomicsPerCacheline=1 scope=Workgroup order=acq_rel wgc=32 wgs=64 useEvents=1)                                        ERROR
SeparateAtomicsExplicit(api=ocl type=Float op=Xchg atomicsPerCacheline=1 scope=Workgroup order=seq_cst wgc=32 wgs=64 useEvents=1)                                        ERROR
SeparateAtomicsExplicit(api=ocl type=Float op=Xchg atomicsPerCacheline=1 scope=Device order=relaxed wgc=32 wgs=64 useEvents=1)                                        ERROR
SeparateAtomicsExplicit(api=ocl type=Float op=Xchg atomicsPerCacheline=1 scope=Device order=acquire wgc=32 wgs=64 useEvents=1)                                        ERROR
SeparateAtomicsExplicit(api=ocl type=Float op=Xchg atomicsPerCacheline=1 scope=Device order=release wgc=32 wgs=64 useEvents=1)                                        ERROR
SeparateAtomicsExplicit(api=ocl type=Float op=Xchg atomicsPerCacheline=1 scope=Device order=acq_rel wgc=32 wgs=64 useEvents=1)                                        ERROR
SeparateAtomicsExplicit(api=ocl type=Float op=Xchg atomicsPerCacheline=1 scope=Device order=seq_cst wgc=32 wgs=64 useEvents=1)                                        ERROR
SeparateAtomicsExplicit(api=ocl type=Float op=Xchg atomicsPerCacheline=4 scope=Workgroup order=relaxed wgc=32 wgs=64 useEvents=1)                                        ERROR
SeparateAtomicsExplicit(api=ocl type=Float op=Xchg atomicsPerCacheline=4 scope=Workgroup order=acquire wgc=32 wgs=64 useEvents=1)                                        ERROR
SeparateAtomicsExplicit(api=ocl type=Float op=Xchg atomicsPerCacheline=4 scope=Workgroup order=release wgc=32 wgs=64 useEvents=1)                                        ERROR
SeparateAtomicsExplicit(api=ocl type=Float op=Xchg atomicsPerCacheline=4 scope=Workgroup order=acq_rel wgc=32 wgs=64 useEvents=1)                                        ERROR
SeparateAtomicsExplicit(api=ocl type=Float op=Xchg atomicsPerCacheline=4 scope=Workgroup order=seq_cst wgc=32 wgs=64 useEvents=1)                                        ERROR
SeparateAtomicsExplicit(api=ocl type=Float op=Xchg atomicsPerCacheline=4 scope=Device order=relaxed wgc=32 wgs=64 useEvents=1)                                        ERROR
SeparateAtomicsExplicit(api=ocl type=Float op=Xchg atomicsPerCacheline=4 scope=Device order=acquire wgc=32 wgs=64 useEvents=1)                                        ERROR
SeparateAtomicsExplicit(api=ocl type=Float op=Xchg atomicsPerCacheline=4 scope=Device order=release wgc=32 wgs=64 useEvents=1)                                        ERROR
SeparateAtomicsExplicit(api=ocl type=Float op=Xchg atomicsPerCacheline=4 scope=Device order=acq_rel wgc=32 wgs=64 useEvents=1)                                        ERROR
SeparateAtomicsExplicit(api=ocl type=Float op=Xchg atomicsPerCacheline=4 scope=Device order=seq_cst wgc=32 wgs=64 useEvents=1)                                        ERROR
SeparateAtomicsExplicit(api=ocl type=Int32 op=Add atomicsPerCacheline=1 scope=Workgroup order=relaxed wgc=32 wgs=64 useEvents=1)                                        ERROR
SeparateAtomicsExplicit(api=ocl type=Int32 op=Add atomicsPerCacheline=1 scope=Workgroup order=acquire wgc=32 wgs=64 useEvents=1)                                        ERROR
SeparateAtomicsExplicit(api=ocl type=Int32 op=Add atomicsPerCacheline=1 scope=Workgroup order=release wgc=32 wgs=64 useEvents=1)                                        ERROR
SeparateAtomicsExplicit(api=ocl type=Int32 op=Add atomicsPerCacheline=1 scope=Workgroup order=acq_rel wgc=32 wgs=64 useEvents=1)                                        ERROR
SeparateAtomicsExplicit(api=ocl type=Int32 op=Add atomicsPerCacheline=1 scope=Workgroup order=seq_cst wgc=32 wgs=64 useEvents=1)                                        ERROR
SeparateAtomicsExplicit(api=ocl type=Int32 op=Add atomicsPerCacheline=1 scope=Device order=relaxed wgc=32 wgs=64 useEvents=1)                                        ERROR
SeparateAtomicsExplicit(api=ocl type=Int32 op=Add atomicsPerCacheline=1 scope=Device order=acquire wgc=32 wgs=64 useEvents=1)                                        ERROR
SeparateAtomicsExplicit(api=ocl type=Int32 op=Add atomicsPerCacheline=1 scope=Device order=release wgc=32 wgs=64 useEvents=1)                                        ERROR
SeparateAtomicsExplicit(api=ocl type=Int32 op=Add atomicsPerCacheline=1 scope=Device order=acq_rel wgc=32 wgs=64 useEvents=1)                                        ERROR
SeparateAtomicsExplicit(api=ocl type=Int32 op=Add atomicsPerCacheline=1 scope=Device order=seq_cst wgc=32 wgs=64 useEvents=1)                                        ERROR
SeparateAtomicsExplicit(api=ocl type=Int32 op=Add atomicsPerCacheline=4 scope=Workgroup order=relaxed wgc=32 wgs=64 useEvents=1)                                        ERROR
SeparateAtomicsExplicit(api=ocl type=Int32 op=Add atomicsPerCacheline=4 scope=Workgroup order=acquire wgc=32 wgs=64 useEvents=1)                                        ERROR
SeparateAtomicsExplicit(api=ocl type=Int32 op=Add atomicsPerCacheline=4 scope=Workgroup order=release wgc=32 wgs=64 useEvents=1)                                        ERROR
SeparateAtomicsExplicit(api=ocl type=Int32 op=Add atomicsPerCacheline=4 scope=Workgroup order=acq_rel wgc=32 wgs=64 useEvents=1)                                        ERROR
SeparateAtomicsExplicit(api=ocl type=Int32 op=Add atomicsPerCacheline=4 scope=Workgroup order=seq_cst wgc=32 wgs=64 useEvents=1)                                        ERROR
SeparateAtomicsExplicit(api=ocl type=Int32 op=Add atomicsPerCacheline=4 scope=Device order=relaxed wgc=32 wgs=64 useEvents=1)                                        ERROR
SeparateAtomicsExplicit(api=ocl type=Int32 op=Add atomicsPerCacheline=4 scope=Device order=acquire wgc=32 wgs=64 useEvents=1)                                        ERROR
SeparateAtomicsExplicit(api=ocl type=Int32 op=Add atomicsPerCacheline=4 scope=Device order=release wgc=32 wgs=64 useEvents=1)                                        ERROR
SeparateAtomicsExplicit(api=ocl type=Int32 op=Add atomicsPerCacheline=4 scope=Device order=acq_rel wgc=32 wgs=64 useEvents=1)                                        ERROR
SeparateAtomicsExplicit(api=ocl type=Int32 op=Add atomicsPerCacheline=4 scope=Device order=seq_cst wgc=32 wgs=64 useEvents=1)                                        ERROR
SeparateAtomicsExplicit(api=ocl type=Int32 op=Xchg atomicsPerCacheline=1 scope=Workgroup order=relaxed wgc=32 wgs=64 useEvents=1)                                        ERROR
SeparateAtomicsExplicit(api=ocl type=Int32 op=Xchg atomicsPerCacheline=1 scope=Workgroup order=acquire wgc=32 wgs=64 useEvents=1)                                        ERROR
SeparateAtomicsExplicit(api=ocl type=Int32 op=Xchg atomicsPerCacheline=1 scope=Workgroup order=release wgc=32 wgs=64 useEvents=1)                                        ERROR
SeparateAtomicsExplicit(api=ocl type=Int32 op=Xchg atomicsPerCacheline=1 scope=Workgroup order=acq_rel wgc=32 wgs=64 useEvents=1)                                        ERROR
SeparateAtomicsExplicit(api=ocl type=Int32 op=Xchg atomicsPerCacheline=1 scope=Workgroup order=seq_cst wgc=32 wgs=64 useEvents=1)                                        ERROR
SeparateAtomicsExplicit(api=ocl type=Int32 op=Xchg atomicsPerCacheline=1 scope=Device order=relaxed wgc=32 wgs=64 useEvents=1)                                        ERROR
SeparateAtomicsExplicit(api=ocl type=Int32 op=Xchg atomicsPerCacheline=1 scope=Device order=acquire wgc=32 wgs=64 useEvents=1)                                        ERROR
SeparateAtomicsExplicit(api=ocl type=Int32 op=Xchg atomicsPerCacheline=1 scope=Device order=release wgc=32 wgs=64 useEvents=1)                                        ERROR
SeparateAtomicsExplicit(api=ocl type=Int32 op=Xchg atomicsPerCacheline=1 scope=Device order=acq_rel wgc=32 wgs=64 useEvents=1)                                        ERROR
SeparateAtomicsExplicit(api=ocl type=Int32 op=Xchg atomicsPerCacheline=1 scope=Device order=seq_cst wgc=32 wgs=64 useEvents=1)                                        ERROR
SeparateAtomicsExplicit(api=ocl type=Int32 op=Xchg atomicsPerCacheline=4 scope=Workgroup order=relaxed wgc=32 wgs=64 useEvents=1)                                        ERROR
SeparateAtomicsExplicit(api=ocl type=Int32 op=Xchg atomicsPerCacheline=4 scope=Workgroup order=acquire wgc=32 wgs=64 useEvents=1)                                        ERROR
SeparateAtomicsExplicit(api=ocl type=Int32 op=Xchg atomicsPerCacheline=4 scope=Workgroup order=release wgc=32 wgs=64 useEvents=1)                                        ERROR
SeparateAtomicsExplicit(api=ocl type=Int32 op=Xchg atomicsPerCacheline=4 scope=Workgroup order=acq_rel wgc=32 wgs=64 useEvents=1)                                        ERROR
SeparateAtomicsExplicit(api=ocl type=Int32 op=Xchg atomicsPerCacheline=4 scope=Workgroup order=seq_cst wgc=32 wgs=64 useEvents=1)                                        ERROR
SeparateAtomicsExplicit(api=ocl type=Int32 op=Xchg atomicsPerCacheline=4 scope=Device order=relaxed wgc=32 wgs=64 useEvents=1)                                        ERROR
SeparateAtomicsExplicit(api=ocl type=Int32 op=Xchg atomicsPerCacheline=4 scope=Device order=acquire wgc=32 wgs=64 useEvents=1)                                        ERROR
SeparateAtomicsExplicit(api=ocl type=Int32 op=Xchg atomicsPerCacheline=4 scope=Device order=release wgc=32 wgs=64 useEvents=1)                                        ERROR
SeparateAtomicsExplicit(api=ocl type=Int32 op=Xchg atomicsPerCacheline=4 scope=Device order=acq_rel wgc=32 wgs=64 useEvents=1)                                        ERROR
SeparateAtomicsExplicit(api=ocl type=Int32 op=Xchg atomicsPerCacheline=4 scope=Device order=seq_cst wgc=32 wgs=64 useEvents=1)                                        ERROR
SeparateAtomicsExplicit(api=ocl type=Int32 op=Inc atomicsPerCacheline=1 scope=Workgroup order=relaxed wgc=32 wgs=64 useEvents=1)                                        ERROR
SeparateAtomicsExplicit(api=ocl type=Int32 op=Inc atomicsPerCacheline=1 scope=Workgroup order=acquire wgc=32 wgs=64 useEvents=1)                                        ERROR
SeparateAtomicsExplicit(api=ocl type=Int32 op=Inc atomicsPerCacheline=1 scope=Workgroup order=release wgc=32 wgs=64 useEvents=1)                                        ERROR
SeparateAtomicsExplicit(api=ocl type=Int32 op=Inc atomicsPerCacheline=1 scope=Workgroup order=acq_rel wgc=32 wgs=64 useEvents=1)                                        ERROR
SeparateAtomicsExplicit(api=ocl type=Int32 op=Inc atomicsPerCacheline=1 scope=Workgroup order=seq_cst wgc=32 wgs=64 useEvents=1)                                        ERROR
SeparateAtomicsExplicit(api=ocl type=Int32 op=Inc atomicsPerCacheline=1 scope=Device order=relaxed wgc=32 wgs=64 useEvents=1)                                        ERROR
SeparateAtomicsExplicit(api=ocl type=Int32 op=Inc atomicsPerCacheline=1 scope=Device order=acquire wgc=32 wgs=64 useEvents=1)                                        ERROR
SeparateAtomicsExplicit(api=ocl type=Int32 op=Inc atomicsPerCacheline=1 scope=Device order=release wgc=32 wgs=64 useEvents=1)                                        ERROR
SeparateAtomicsExplicit(api=ocl type=Int32 op=Inc atomicsPerCacheline=1 scope=Device order=acq_rel wgc=32 wgs=64 useEvents=1)                                        ERROR
SeparateAtomicsExplicit(api=ocl type=Int32 op=Inc atomicsPerCacheline=1 scope=Device order=seq_cst wgc=32 wgs=64 useEvents=1)                                        ERROR
SeparateAtomicsExplicit(api=ocl type=Int32 op=Inc atomicsPerCacheline=4 scope=Workgroup order=relaxed wgc=32 wgs=64 useEvents=1)                                        ERROR
SeparateAtomicsExplicit(api=ocl type=Int32 op=Inc atomicsPerCacheline=4 scope=Workgroup order=acquire wgc=32 wgs=64 useEvents=1)                                        ERROR
SeparateAtomicsExplicit(api=ocl type=Int32 op=Inc atomicsPerCacheline=4 scope=Workgroup order=release wgc=32 wgs=64 useEvents=1)                                        ERROR
SeparateAtomicsExplicit(api=ocl type=Int32 op=Inc atomicsPerCacheline=4 scope=Workgroup order=acq_rel wgc=32 wgs=64 useEvents=1)                                        ERROR
SeparateAtomicsExplicit(api=ocl type=Int32 op=Inc atomicsPerCacheline=4 scope=Workgroup order=seq_cst wgc=32 wgs=64 useEvents=1)                                        ERROR
SeparateAtomicsExplicit(api=ocl type=Int32 op=Inc atomicsPerCacheline=4 scope=Device order=relaxed wgc=32 wgs=64 useEvents=1)                                        ERROR
SeparateAtomicsExplicit(api=ocl type=Int32 op=Inc atomicsPerCacheline=4 scope=Device order=acquire wgc=32 wgs=64 useEvents=1)                                        ERROR
SeparateAtomicsExplicit(api=ocl type=Int32 op=Inc atomicsPerCacheline=4 scope=Device order=release wgc=32 wgs=64 useEvents=1)                                        ERROR
SeparateAtomicsExplicit(api=ocl type=Int32 op=Inc atomicsPerCacheline=4 scope=Device order=acq_rel wgc=32 wgs=64 useEvents=1)                                        ERROR
SeparateAtomicsExplicit(api=ocl type=Int32 op=Inc atomicsPerCacheline=4 scope=Device order=seq_cst wgc=32 wgs=64 useEvents=1)                                        ERROR
SeparateAtomicsExplicit(api=ocl type=Int32 op=Min atomicsPerCacheline=1 scope=Workgroup order=relaxed wgc=32 wgs=64 useEvents=1)                                        ERROR
SeparateAtomicsExplicit(api=ocl type=Int32 op=Min atomicsPerCacheline=1 scope=Workgroup order=acquire wgc=32 wgs=64 useEvents=1)                                        ERROR
SeparateAtomicsExplicit(api=ocl type=Int32 op=Min atomicsPerCacheline=1 scope=Workgroup order=release wgc=32 wgs=64 useEvents=1)                                        ERROR
SeparateAtomicsExplicit(api=ocl type=Int32 op=Min atomicsPerCacheline=1 scope=Workgroup order=acq_rel wgc=32 wgs=64 useEvents=1)                                        ERROR
SeparateAtomicsExplicit(api=ocl type=Int32 op=Min atomicsPerCacheline=1 scope=Workgroup order=seq_cst wgc=32 wgs=64 useEvents=1)                                        ERROR
SeparateAtomicsExplicit(api=ocl type=Int32 op=Min atomicsPerCacheline=1 scope=Device order=relaxed wgc=32 wgs=64 useEvents=1)                                        ERROR
SeparateAtomicsExplicit(api=ocl type=Int32 op=Min atomicsPerCacheline=1 scope=Device order=acquire wgc=32 wgs=64 useEvents=1)                                        ERROR
SeparateAtomicsExplicit(api=ocl type=Int32 op=Min atomicsPerCacheline=1 scope=Device order=release wgc=32 wgs=64 useEvents=1)                                        ERROR
SeparateAtomicsExplicit(api=ocl type=Int32 op=Min atomicsPerCacheline=1 scope=Device order=acq_rel wgc=32 wgs=64 useEvents=1)                                        ERROR
SeparateAtomicsExplicit(api=ocl type=Int32 op=Min atomicsPerCacheline=1 scope=Device order=seq_cst wgc=32 wgs=64 useEvents=1)                                        ERROR
SeparateAtomicsExplicit(api=ocl type=Int32 op=Min atomicsPerCacheline=4 scope=Workgroup order=relaxed wgc=32 wgs=64 useEvents=1)                                        ERROR
SeparateAtomicsExplicit(api=ocl type=Int32 op=Min atomicsPerCacheline=4 scope=Workgroup order=acquire wgc=32 wgs=64 useEvents=1)                                        ERROR
SeparateAtomicsExplicit(api=ocl type=Int32 op=Min atomicsPerCacheline=4 scope=Workgroup order=release wgc=32 wgs=64 useEvents=1)                                        ERROR
SeparateAtomicsExplicit(api=ocl type=Int32 op=Min atomicsPerCacheline=4 scope=Workgroup order=acq_rel wgc=32 wgs=64 useEvents=1)                                        ERROR
SeparateAtomicsExplicit(api=ocl type=Int32 op=Min atomicsPerCacheline=4 scope=Workgroup order=seq_cst wgc=32 wgs=64 useEvents=1)                                        ERROR
SeparateAtomicsExplicit(api=ocl type=Int32 op=Min atomicsPerCacheline=4 scope=Device order=relaxed wgc=32 wgs=64 useEvents=1)                                        ERROR
SeparateAtomicsExplicit(api=ocl type=Int32 op=Min atomicsPerCacheline=4 scope=Device order=acquire wgc=32 wgs=64 useEvents=1)                                        ERROR
SeparateAtomicsExplicit(api=ocl type=Int32 op=Min atomicsPerCacheline=4 scope=Device order=release wgc=32 wgs=64 useEvents=1)                                        ERROR
SeparateAtomicsExplicit(api=ocl type=Int32 op=Min atomicsPerCacheline=4 scope=Device order=acq_rel wgc=32 wgs=64 useEvents=1)                                        ERROR
SeparateAtomicsExplicit(api=ocl type=Int32 op=Min atomicsPerCacheline=4 scope=Device order=seq_cst wgc=32 wgs=64 useEvents=1)                                        ERROR
SeparateAtomicsExplicit(api=ocl type=Int32 op=And atomicsPerCacheline=1 scope=Workgroup order=relaxed wgc=32 wgs=64 useEvents=1)                                        ERROR
SeparateAtomicsExplicit(api=ocl type=Int32 op=And atomicsPerCacheline=1 scope=Workgroup order=acquire wgc=32 wgs=64 useEvents=1)                                        ERROR
SeparateAtomicsExplicit(api=ocl type=Int32 op=And atomicsPerCacheline=1 scope=Workgroup order=release wgc=32 wgs=64 useEvents=1)                                        ERROR
SeparateAtomicsExplicit(api=ocl type=Int32 op=And atomicsPerCacheline=1 scope=Workgroup order=acq_rel wgc=32 wgs=64 useEvents=1)                                        ERROR
SeparateAtomicsExplicit(api=ocl type=Int32 op=And atomicsPerCacheline=1 scope=Workgroup order=seq_cst wgc=32 wgs=64 useEvents=1)                                        ERROR
SeparateAtomicsExplicit(api=ocl type=Int32 op=And atomicsPerCacheline=1 scope=Device order=relaxed wgc=32 wgs=64 useEvents=1)                                        ERROR
SeparateAtomicsExplicit(api=ocl type=Int32 op=And atomicsPerCacheline=1 scope=Device order=acquire wgc=32 wgs=64 useEvents=1)                                        ERROR
SeparateAtomicsExplicit(api=ocl type=Int32 op=And atomicsPerCacheline=1 scope=Device order=release wgc=32 wgs=64 useEvents=1)                                        ERROR
SeparateAtomicsExplicit(api=ocl type=Int32 op=And atomicsPerCacheline=1 scope=Device order=acq_rel wgc=32 wgs=64 useEvents=1)                                        ERROR
SeparateAtomicsExplicit(api=ocl type=Int32 op=And atomicsPerCacheline=1 scope=Device order=seq_cst wgc=32 wgs=64 useEvents=1)                                        ERROR
SeparateAtomicsExplicit(api=ocl type=Int32 op=And atomicsPerCacheline=4 scope=Workgroup order=relaxed wgc=32 wgs=64 useEvents=1)                                        ERROR
SeparateAtomicsExplicit(api=ocl type=Int32 op=And atomicsPerCacheline=4 scope=Workgroup order=acquire wgc=32 wgs=64 useEvents=1)                                        ERROR
SeparateAtomicsExplicit(api=ocl type=Int32 op=And atomicsPerCacheline=4 scope=Workgroup order=release wgc=32 wgs=64 useEvents=1)                                        ERROR
SeparateAtomicsExplicit(api=ocl type=Int32 op=And atomicsPerCacheline=4 scope=Workgroup order=acq_rel wgc=32 wgs=64 useEvents=1)                                        ERROR
SeparateAtomicsExplicit(api=ocl type=Int32 op=And atomicsPerCacheline=4 scope=Workgroup order=seq_cst wgc=32 wgs=64 useEvents=1)                                        ERROR
SeparateAtomicsExplicit(api=ocl type=Int32 op=And atomicsPerCacheline=4 scope=Device order=relaxed wgc=32 wgs=64 useEvents=1)                                        ERROR
SeparateAtomicsExplicit(api=ocl type=Int32 op=And atomicsPerCacheline=4 scope=Device order=acquire wgc=32 wgs=64 useEvents=1)                                        ERROR
SeparateAtomicsExplicit(api=ocl type=Int32 op=And atomicsPerCacheline=4 scope=Device order=release wgc=32 wgs=64 useEvents=1)                                        ERROR
SeparateAtomicsExplicit(api=ocl type=Int32 op=And atomicsPerCacheline=4 scope=Device order=acq_rel wgc=32 wgs=64 useEvents=1)                                        ERROR
SeparateAtomicsExplicit(api=ocl type=Int32 op=And atomicsPerCacheline=4 scope=Device order=seq_cst wgc=32 wgs=64 useEvents=1)                                        ERROR

[  FAILED  ] OneLocalAtomicTest/OneLocalAtomicTest.Test/2
FAILED assertion ASSERT_CL_SUCCESS(clSetKernelArg(kernel, 3, sizeof(data.initialValue), &data.initialValue))
	value: -51 (CL_INVALID_ARG_SIZE)
	Location: /data/data/com.termux/files/home/compute-benchmarks/source/benchmarks/atomic_benchmark/implementations/ocl/one_local_atomic_ocl.cpp:75

[  FAILED  ] OneLocalAtomicTest/OneLocalAtomicTest.Test/3
FAILED assertion ASSERT_CL_SUCCESS(clSetKernelArg(kernel, 3, sizeof(data.initialValue), &data.initialValue))
	value: -51 (CL_INVALID_ARG_SIZE)
	Location: /data/data/com.termux/files/home/compute-benchmarks/source/benchmarks/atomic_benchmark/implementations/ocl/one_local_atomic_ocl.cpp:75

[  FAILED  ] OneLocalAtomicTest/OneLocalAtomicTest.Test/10
FAILED assertion ASSERT_CL_SUCCESS(clSetKernelArg(kernel, 3, sizeof(data.initialValue), &data.initialValue))
	value: -51 (CL_INVALID_ARG_SIZE)
	Location: /data/data/com.termux/files/home/compute-benchmarks/source/benchmarks/atomic_benchmark/implementations/ocl/one_local_atomic_ocl.cpp:75

[  FAILED  ] OneLocalAtomicTest/OneLocalAtomicTest.Test/11
FAILED assertion ASSERT_CL_SUCCESS(clSetKernelArg(kernel, 3, sizeof(data.initialValue), &data.initialValue))
	value: -51 (CL_INVALID_ARG_SIZE)
	Location: /data/data/com.termux/files/home/compute-benchmarks/source/benchmarks/atomic_benchmark/implementations/ocl/one_local_atomic_ocl.cpp:75

[  FAILED  ] OneLocalAtomicTest/OneLocalAtomicTest.Test/12
FAILED assertion ASSERT_CL_SUCCESS(clSetKernelArg(kernel, 3, sizeof(data.initialValue), &data.initialValue))
	value: -51 (CL_INVALID_ARG_SIZE)
	Location: /data/data/com.termux/files/home/compute-benchmarks/source/benchmarks/atomic_benchmark/implementations/ocl/one_local_atomic_ocl.cpp:75

[  FAILED  ] OneLocalAtomicTest/OneLocalAtomicTest.Test/13
FAILED assertion ASSERT_CL_SUCCESS(clSetKernelArg(kernel, 3, sizeof(data.initialValue), &data.initialValue))
	value: -51 (CL_INVALID_ARG_SIZE)
	Location: /data/data/com.termux/files/home/compute-benchmarks/source/benchmarks/atomic_benchmark/implementations/ocl/one_local_atomic_ocl.cpp:75

[  FAILED  ] OneLocalAtomicTest/OneLocalAtomicTest.Test/14
FAILED assertion ASSERT_CL_SUCCESS(clSetKernelArg(kernel, 3, sizeof(data.initialValue), &data.initialValue))
	value: -51 (CL_INVALID_ARG_SIZE)
	Location: /data/data/com.termux/files/home/compute-benchmarks/source/benchmarks/atomic_benchmark/implementations/ocl/one_local_atomic_ocl.cpp:75

[  FAILED  ] OneLocalAtomicTest/OneLocalAtomicTest.Test/15
FAILED assertion ASSERT_CL_SUCCESS(clSetKernelArg(kernel, 3, sizeof(data.initialValue), &data.initialValue))
	value: -51 (CL_INVALID_ARG_SIZE)
	Location: /data/data/com.termux/files/home/compute-benchmarks/source/benchmarks/atomic_benchmark/implementations/ocl/one_local_atomic_ocl.cpp:75

[  FAILED  ] OneLocalAtomicTest/OneLocalAtomicTest.Test/16
FAILED assertion ASSERT_CL_SUCCESS(clSetKernelArg(kernel, 3, sizeof(data.initialValue), &data.initialValue))
	value: -51 (CL_INVALID_ARG_SIZE)
	Location: /data/data/com.termux/files/home/compute-benchmarks/source/benchmarks/atomic_benchmark/implementations/ocl/one_local_atomic_ocl.cpp:75

[  FAILED  ] OneLocalAtomicTest/OneLocalAtomicTest.Test/17
FAILED assertion ASSERT_CL_SUCCESS(clSetKernelArg(kernel, 3, sizeof(data.initialValue), &data.initialValue))
	value: -51 (CL_INVALID_ARG_SIZE)
	Location: /data/data/com.termux/files/home/compute-benchmarks/source/benchmarks/atomic_benchmark/implementations/ocl/one_local_atomic_ocl.cpp:75

[  FAILED  ] OneLocalAtomicTest/OneLocalAtomicTest.Test/18
FAILED assertion ASSERT_CL_SUCCESS(clSetKernelArg(kernel, 3, sizeof(data.initialValue), &data.initialValue))
	value: -51 (CL_INVALID_ARG_SIZE)
	Location: /data/data/com.termux/files/home/compute-benchmarks/source/benchmarks/atomic_benchmark/implementations/ocl/one_local_atomic_ocl.cpp:75

[  FAILED  ] OneLocalAtomicTest/OneLocalAtomicTest.Test/19
FAILED assertion ASSERT_CL_SUCCESS(clSetKernelArg(kernel, 3, sizeof(data.initialValue), &data.initialValue))
	value: -51 (CL_INVALID_ARG_SIZE)
	Location: /data/data/com.termux/files/home/compute-benchmarks/source/benchmarks/atomic_benchmark/implementations/ocl/one_local_atomic_ocl.cpp:75

[  FAILED  ] OneLocalAtomicExplicitTest/OneLocalAtomicExplicitTest.Test/20
FAILED assertion ASSERT_CL_SUCCESS(clSetKernelArg(kernel, 3, sizeof(data.initialValue), &data.initialValue))
	value: -51 (CL_INVALID_ARG_SIZE)
	Location: /data/data/com.termux/files/home/compute-benchmarks/source/benchmarks/atomic_benchmark/implementations/ocl/one_local_atomic_explicit_ocl.cpp:75

[  FAILED  ] OneLocalAtomicExplicitTest/OneLocalAtomicExplicitTest.Test/21
FAILED assertion ASSERT_CL_SUCCESS(clSetKernelArg(kernel, 3, sizeof(data.initialValue), &data.initialValue))
	value: -51 (CL_INVALID_ARG_SIZE)
	Location: /data/data/com.termux/files/home/compute-benchmarks/source/benchmarks/atomic_benchmark/implementations/ocl/one_local_atomic_explicit_ocl.cpp:75

[  FAILED  ] OneLocalAtomicExplicitTest/OneLocalAtomicExplicitTest.Test/22
FAILED assertion ASSERT_CL_SUCCESS(clSetKernelArg(kernel, 3, sizeof(data.initialValue), &data.initialValue))
	value: -51 (CL_INVALID_ARG_SIZE)
	Location: /data/data/com.termux/files/home/compute-benchmarks/source/benchmarks/atomic_benchmark/implementations/ocl/one_local_atomic_explicit_ocl.cpp:75

[  FAILED  ] OneLocalAtomicExplicitTest/OneLocalAtomicExplicitTest.Test/23
FAILED assertion ASSERT_CL_SUCCESS(clSetKernelArg(kernel, 3, sizeof(data.initialValue), &data.initialValue))
	value: -51 (CL_INVALID_ARG_SIZE)
	Location: /data/data/com.termux/files/home/compute-benchmarks/source/benchmarks/atomic_benchmark/implementations/ocl/one_local_atomic_explicit_ocl.cpp:75

[  FAILED  ] OneLocalAtomicExplicitTest/OneLocalAtomicExplicitTest.Test/24
FAILED assertion ASSERT_CL_SUCCESS(clSetKernelArg(kernel, 3, sizeof(data.initialValue), &data.initialValue))
	value: -51 (CL_INVALID_ARG_SIZE)
	Location: /data/data/com.termux/files/home/compute-benchmarks/source/benchmarks/atomic_benchmark/implementations/ocl/one_local_atomic_explicit_ocl.cpp:75

[  FAILED  ] OneLocalAtomicExplicitTest/OneLocalAtomicExplicitTest.Test/25
FAILED assertion ASSERT_CL_SUCCESS(clSetKernelArg(kernel, 3, sizeof(data.initialValue), &data.initialValue))
	value: -51 (CL_INVALID_ARG_SIZE)
	Location: /data/data/com.termux/files/home/compute-benchmarks/source/benchmarks/atomic_benchmark/implementations/ocl/one_local_atomic_explicit_ocl.cpp:75

[  FAILED  ] OneLocalAtomicExplicitTest/OneLocalAtomicExplicitTest.Test/26
FAILED assertion ASSERT_CL_SUCCESS(clSetKernelArg(kernel, 3, sizeof(data.initialValue), &data.initialValue))
	value: -51 (CL_INVALID_ARG_SIZE)
	Location: /data/data/com.termux/files/home/compute-benchmarks/source/benchmarks/atomic_benchmark/implementations/ocl/one_local_atomic_explicit_ocl.cpp:75

[  FAILED  ] OneLocalAtomicExplicitTest/OneLocalAtomicExplicitTest.Test/27
FAILED assertion ASSERT_CL_SUCCESS(clSetKernelArg(kernel, 3, sizeof(data.initialValue), &data.initialValue))
	value: -51 (CL_INVALID_ARG_SIZE)
	Location: /data/data/com.termux/files/home/compute-benchmarks/source/benchmarks/atomic_benchmark/implementations/ocl/one_local_atomic_explicit_ocl.cpp:75

[  FAILED  ] OneLocalAtomicExplicitTest/OneLocalAtomicExplicitTest.Test/28
FAILED assertion ASSERT_CL_SUCCESS(clSetKernelArg(kernel, 3, sizeof(data.initialValue), &data.initialValue))
	value: -51 (CL_INVALID_ARG_SIZE)
	Location: /data/data/com.termux/files/home/compute-benchmarks/source/benchmarks/atomic_benchmark/implementations/ocl/one_local_atomic_explicit_ocl.cpp:75

[  FAILED  ] OneLocalAtomicExplicitTest/OneLocalAtomicExplicitTest.Test/29
FAILED assertion ASSERT_CL_SUCCESS(clSetKernelArg(kernel, 3, sizeof(data.initialValue), &data.initialValue))
	value: -51 (CL_INVALID_ARG_SIZE)
	Location: /data/data/com.termux/files/home/compute-benchmarks/source/benchmarks/atomic_benchmark/implementations/ocl/one_local_atomic_explicit_ocl.cpp:75

[  FAILED  ] OneLocalAtomicExplicitTest/OneLocalAtomicExplicitTest.Test/30
FAILED assertion ASSERT_CL_SUCCESS(clSetKernelArg(kernel, 3, sizeof(data.initialValue), &data.initialValue))
	value: -51 (CL_INVALID_ARG_SIZE)
	Location: /data/data/com.termux/files/home/compute-benchmarks/source/benchmarks/atomic_benchmark/implementations/ocl/one_local_atomic_explicit_ocl.cpp:75

[  FAILED  ] OneLocalAtomicExplicitTest/OneLocalAtomicExplicitTest.Test/31
FAILED assertion ASSERT_CL_SUCCESS(clSetKernelArg(kernel, 3, sizeof(data.initialValue), &data.initialValue))
	value: -51 (CL_INVALID_ARG_SIZE)
	Location: /data/data/com.termux/files/home/compute-benchmarks/source/benchmarks/atomic_benchmark/implementations/ocl/one_local_atomic_explicit_ocl.cpp:75

[  FAILED  ] OneLocalAtomicExplicitTest/OneLocalAtomicExplicitTest.Test/32
FAILED assertion ASSERT_CL_SUCCESS(clSetKernelArg(kernel, 3, sizeof(data.initialValue), &data.initialValue))
	value: -51 (CL_INVALID_ARG_SIZE)
	Location: /data/data/com.termux/files/home/compute-benchmarks/source/benchmarks/atomic_benchmark/implementations/ocl/one_local_atomic_explicit_ocl.cpp:75

[  FAILED  ] OneLocalAtomicExplicitTest/OneLocalAtomicExplicitTest.Test/33
FAILED assertion ASSERT_CL_SUCCESS(clSetKernelArg(kernel, 3, sizeof(data.initialValue), &data.initialValue))
	value: -51 (CL_INVALID_ARG_SIZE)
	Location: /data/data/com.termux/files/home/compute-benchmarks/source/benchmarks/atomic_benchmark/implementations/ocl/one_local_atomic_explicit_ocl.cpp:75

[  FAILED  ] OneLocalAtomicExplicitTest/OneLocalAtomicExplicitTest.Test/34
FAILED assertion ASSERT_CL_SUCCESS(clSetKernelArg(kernel, 3, sizeof(data.initialValue), &data.initialValue))
	value: -51 (CL_INVALID_ARG_SIZE)
	Location: /data/data/com.termux/files/home/compute-benchmarks/source/benchmarks/atomic_benchmark/implementations/ocl/one_local_atomic_explicit_ocl.cpp:75

[  FAILED  ] OneLocalAtomicExplicitTest/OneLocalAtomicExplicitTest.Test/35
FAILED assertion ASSERT_CL_SUCCESS(clSetKernelArg(kernel, 3, sizeof(data.initialValue), &data.initialValue))
	value: -51 (CL_INVALID_ARG_SIZE)
	Location: /data/data/com.termux/files/home/compute-benchmarks/source/benchmarks/atomic_benchmark/implementations/ocl/one_local_atomic_explicit_ocl.cpp:75

[  FAILED  ] OneLocalAtomicExplicitTest/OneLocalAtomicExplicitTest.Test/36
FAILED assertion ASSERT_CL_SUCCESS(clSetKernelArg(kernel, 3, sizeof(data.initialValue), &data.initialValue))
	value: -51 (CL_INVALID_ARG_SIZE)
	Location: /data/data/com.termux/files/home/compute-benchmarks/source/benchmarks/atomic_benchmark/implementations/ocl/one_local_atomic_explicit_ocl.cpp:75

[  FAILED  ] OneLocalAtomicExplicitTest/OneLocalAtomicExplicitTest.Test/37
FAILED assertion ASSERT_CL_SUCCESS(clSetKernelArg(kernel, 3, sizeof(data.initialValue), &data.initialValue))
	value: -51 (CL_INVALID_ARG_SIZE)
	Location: /data/data/com.termux/files/home/compute-benchmarks/source/benchmarks/atomic_benchmark/implementations/ocl/one_local_atomic_explicit_ocl.cpp:75

[  FAILED  ] OneLocalAtomicExplicitTest/OneLocalAtomicExplicitTest.Test/38
FAILED assertion ASSERT_CL_SUCCESS(clSetKernelArg(kernel, 3, sizeof(data.initialValue), &data.initialValue))
	value: -51 (CL_INVALID_ARG_SIZE)
	Location: /data/data/com.termux/files/home/compute-benchmarks/source/benchmarks/atomic_benchmark/implementations/ocl/one_local_atomic_explicit_ocl.cpp:75

[  FAILED  ] OneLocalAtomicExplicitTest/OneLocalAtomicExplicitTest.Test/39
FAILED assertion ASSERT_CL_SUCCESS(clSetKernelArg(kernel, 3, sizeof(data.initialValue), &data.initialValue))
	value: -51 (CL_INVALID_ARG_SIZE)
	Location: /data/data/com.termux/files/home/compute-benchmarks/source/benchmarks/atomic_benchmark/implementations/ocl/one_local_atomic_explicit_ocl.cpp:75

[  FAILED  ] OneLocalAtomicExplicitTest/OneLocalAtomicExplicitTest.Test/100
FAILED assertion ASSERT_CL_SUCCESS(clSetKernelArg(kernel, 3, sizeof(data.initialValue), &data.initialValue))
	value: -51 (CL_INVALID_ARG_SIZE)
	Location: /data/data/com.termux/files/home/compute-benchmarks/source/benchmarks/atomic_benchmark/implementations/ocl/one_local_atomic_explicit_ocl.cpp:75

[  FAILED  ] OneLocalAtomicExplicitTest/OneLocalAtomicExplicitTest.Test/101
FAILED assertion ASSERT_CL_SUCCESS(clSetKernelArg(kernel, 3, sizeof(data.initialValue), &data.initialValue))
	value: -51 (CL_INVALID_ARG_SIZE)
	Location: /data/data/com.termux/files/home/compute-benchmarks/source/benchmarks/atomic_benchmark/implementations/ocl/one_local_atomic_explicit_ocl.cpp:75

[  FAILED  ] OneLocalAtomicExplicitTest/OneLocalAtomicExplicitTest.Test/102
FAILED assertion ASSERT_CL_SUCCESS(clSetKernelArg(kernel, 3, sizeof(data.initialValue), &data.initialValue))
	value: -51 (CL_INVALID_ARG_SIZE)
	Location: /data/data/com.termux/files/home/compute-benchmarks/source/benchmarks/atomic_benchmark/implementations/ocl/one_local_atomic_explicit_ocl.cpp:75

[  FAILED  ] OneLocalAtomicExplicitTest/OneLocalAtomicExplicitTest.Test/103
FAILED assertion ASSERT_CL_SUCCESS(clSetKernelArg(kernel, 3, sizeof(data.initialValue), &data.initialValue))
	value: -51 (CL_INVALID_ARG_SIZE)
	Location: /data/data/com.termux/files/home/compute-benchmarks/source/benchmarks/atomic_benchmark/implementations/ocl/one_local_atomic_explicit_ocl.cpp:75

[  FAILED  ] OneLocalAtomicExplicitTest/OneLocalAtomicExplicitTest.Test/104
FAILED assertion ASSERT_CL_SUCCESS(clSetKernelArg(kernel, 3, sizeof(data.initialValue), &data.initialValue))
	value: -51 (CL_INVALID_ARG_SIZE)
	Location: /data/data/com.termux/files/home/compute-benchmarks/source/benchmarks/atomic_benchmark/implementations/ocl/one_local_atomic_explicit_ocl.cpp:75

[  FAILED  ] OneLocalAtomicExplicitTest/OneLocalAtomicExplicitTest.Test/105
FAILED assertion ASSERT_CL_SUCCESS(clSetKernelArg(kernel, 3, sizeof(data.initialValue), &data.initialValue))
	value: -51 (CL_INVALID_ARG_SIZE)
	Location: /data/data/com.termux/files/home/compute-benchmarks/source/benchmarks/atomic_benchmark/implementations/ocl/one_local_atomic_explicit_ocl.cpp:75

[  FAILED  ] OneLocalAtomicExplicitTest/OneLocalAtomicExplicitTest.Test/106
FAILED assertion ASSERT_CL_SUCCESS(clSetKernelArg(kernel, 3, sizeof(data.initialValue), &data.initialValue))
	value: -51 (CL_INVALID_ARG_SIZE)
	Location: /data/data/com.termux/files/home/compute-benchmarks/source/benchmarks/atomic_benchmark/implementations/ocl/one_local_atomic_explicit_ocl.cpp:75

[  FAILED  ] OneLocalAtomicExplicitTest/OneLocalAtomicExplicitTest.Test/107
FAILED assertion ASSERT_CL_SUCCESS(clSetKernelArg(kernel, 3, sizeof(data.initialValue), &data.initialValue))
	value: -51 (CL_INVALID_ARG_SIZE)
	Location: /data/data/com.termux/files/home/compute-benchmarks/source/benchmarks/atomic_benchmark/implementations/ocl/one_local_atomic_explicit_ocl.cpp:75

[  FAILED  ] OneLocalAtomicExplicitTest/OneLocalAtomicExplicitTest.Test/108
FAILED assertion ASSERT_CL_SUCCESS(clSetKernelArg(kernel, 3, sizeof(data.initialValue), &data.initialValue))
	value: -51 (CL_INVALID_ARG_SIZE)
	Location: /data/data/com.termux/files/home/compute-benchmarks/source/benchmarks/atomic_benchmark/implementations/ocl/one_local_atomic_explicit_ocl.cpp:75

[  FAILED  ] OneLocalAtomicExplicitTest/OneLocalAtomicExplicitTest.Test/109
FAILED assertion ASSERT_CL_SUCCESS(clSetKernelArg(kernel, 3, sizeof(data.initialValue), &data.initialValue))
	value: -51 (CL_INVALID_ARG_SIZE)
	Location: /data/data/com.termux/files/home/compute-benchmarks/source/benchmarks/atomic_benchmark/implementations/ocl/one_local_atomic_explicit_ocl.cpp:75

[  FAILED  ] OneLocalAtomicExplicitTest/OneLocalAtomicExplicitTest.Test/110
FAILED assertion ASSERT_CL_SUCCESS(clSetKernelArg(kernel, 3, sizeof(data.initialValue), &data.initialValue))
	value: -51 (CL_INVALID_ARG_SIZE)
	Location: /data/data/com.termux/files/home/compute-benchmarks/source/benchmarks/atomic_benchmark/implementations/ocl/one_local_atomic_explicit_ocl.cpp:75

[  FAILED  ] OneLocalAtomicExplicitTest/OneLocalAtomicExplicitTest.Test/111
FAILED assertion ASSERT_CL_SUCCESS(clSetKernelArg(kernel, 3, sizeof(data.initialValue), &data.initialValue))
	value: -51 (CL_INVALID_ARG_SIZE)
	Location: /data/data/com.termux/files/home/compute-benchmarks/source/benchmarks/atomic_benchmark/implementations/ocl/one_local_atomic_explicit_ocl.cpp:75

[  FAILED  ] OneLocalAtomicExplicitTest/OneLocalAtomicExplicitTest.Test/112
FAILED assertion ASSERT_CL_SUCCESS(clSetKernelArg(kernel, 3, sizeof(data.initialValue), &data.initialValue))
	value: -51 (CL_INVALID_ARG_SIZE)
	Location: /data/data/com.termux/files/home/compute-benchmarks/source/benchmarks/atomic_benchmark/implementations/ocl/one_local_atomic_explicit_ocl.cpp:75

[  FAILED  ] OneLocalAtomicExplicitTest/OneLocalAtomicExplicitTest.Test/113
FAILED assertion ASSERT_CL_SUCCESS(clSetKernelArg(kernel, 3, sizeof(data.initialValue), &data.initialValue))
	value: -51 (CL_INVALID_ARG_SIZE)
	Location: /data/data/com.termux/files/home/compute-benchmarks/source/benchmarks/atomic_benchmark/implementations/ocl/one_local_atomic_explicit_ocl.cpp:75

[  FAILED  ] OneLocalAtomicExplicitTest/OneLocalAtomicExplicitTest.Test/114
FAILED assertion ASSERT_CL_SUCCESS(clSetKernelArg(kernel, 3, sizeof(data.initialValue), &data.initialValue))
	value: -51 (CL_INVALID_ARG_SIZE)
	Location: /data/data/com.termux/files/home/compute-benchmarks/source/benchmarks/atomic_benchmark/implementations/ocl/one_local_atomic_explicit_ocl.cpp:75

[  FAILED  ] OneLocalAtomicExplicitTest/OneLocalAtomicExplicitTest.Test/115
FAILED assertion ASSERT_CL_SUCCESS(clSetKernelArg(kernel, 3, sizeof(data.initialValue), &data.initialValue))
	value: -51 (CL_INVALID_ARG_SIZE)
	Location: /data/data/com.termux/files/home/compute-benchmarks/source/benchmarks/atomic_benchmark/implementations/ocl/one_local_atomic_explicit_ocl.cpp:75

[  FAILED  ] OneLocalAtomicExplicitTest/OneLocalAtomicExplicitTest.Test/116
FAILED assertion ASSERT_CL_SUCCESS(clSetKernelArg(kernel, 3, sizeof(data.initialValue), &data.initialValue))
	value: -51 (CL_INVALID_ARG_SIZE)
	Location: /data/data/com.termux/files/home/compute-benchmarks/source/benchmarks/atomic_benchmark/implementations/ocl/one_local_atomic_explicit_ocl.cpp:75

[  FAILED  ] OneLocalAtomicExplicitTest/OneLocalAtomicExplicitTest.Test/117
FAILED assertion ASSERT_CL_SUCCESS(clSetKernelArg(kernel, 3, sizeof(data.initialValue), &data.initialValue))
	value: -51 (CL_INVALID_ARG_SIZE)
	Location: /data/data/com.termux/files/home/compute-benchmarks/source/benchmarks/atomic_benchmark/implementations/ocl/one_local_atomic_explicit_ocl.cpp:75

[  FAILED  ] OneLocalAtomicExplicitTest/OneLocalAtomicExplicitTest.Test/118
FAILED assertion ASSERT_CL_SUCCESS(clSetKernelArg(kernel, 3, sizeof(data.initialValue), &data.initialValue))
	value: -51 (CL_INVALID_ARG_SIZE)
	Location: /data/data/com.termux/files/home/compute-benchmarks/source/benchmarks/atomic_benchmark/implementations/ocl/one_local_atomic_explicit_ocl.cpp:75

[  FAILED  ] OneLocalAtomicExplicitTest/OneLocalAtomicExplicitTest.Test/119
FAILED assertion ASSERT_CL_SUCCESS(clSetKernelArg(kernel, 3, sizeof(data.initialValue), &data.initialValue))
	value: -51 (CL_INVALID_ARG_SIZE)
	Location: /data/data/com.termux/files/home/compute-benchmarks/source/benchmarks/atomic_benchmark/implementations/ocl/one_local_atomic_explicit_ocl.cpp:75

[  FAILED  ] OneLocalAtomicExplicitTest/OneLocalAtomicExplicitTest.Test/120
FAILED assertion ASSERT_CL_SUCCESS(clSetKernelArg(kernel, 3, sizeof(data.initialValue), &data.initialValue))
	value: -51 (CL_INVALID_ARG_SIZE)
	Location: /data/data/com.termux/files/home/compute-benchmarks/source/benchmarks/atomic_benchmark/implementations/ocl/one_local_atomic_explicit_ocl.cpp:75

[  FAILED  ] OneLocalAtomicExplicitTest/OneLocalAtomicExplicitTest.Test/121
FAILED assertion ASSERT_CL_SUCCESS(clSetKernelArg(kernel, 3, sizeof(data.initialValue), &data.initialValue))
	value: -51 (CL_INVALID_ARG_SIZE)
	Location: /data/data/com.termux/files/home/compute-benchmarks/source/benchmarks/atomic_benchmark/implementations/ocl/one_local_atomic_explicit_ocl.cpp:75

[  FAILED  ] OneLocalAtomicExplicitTest/OneLocalAtomicExplicitTest.Test/122
FAILED assertion ASSERT_CL_SUCCESS(clSetKernelArg(kernel, 3, sizeof(data.initialValue), &data.initialValue))
	value: -51 (CL_INVALID_ARG_SIZE)
	Location: /data/data/com.termux/files/home/compute-benchmarks/source/benchmarks/atomic_benchmark/implementations/ocl/one_local_atomic_explicit_ocl.cpp:75

[  FAILED  ] OneLocalAtomicExplicitTest/OneLocalAtomicExplicitTest.Test/123
FAILED assertion ASSERT_CL_SUCCESS(clSetKernelArg(kernel, 3, sizeof(data.initialValue), &data.initialValue))
	value: -51 (CL_INVALID_ARG_SIZE)
	Location: /data/data/com.termux/files/home/compute-benchmarks/source/benchmarks/atomic_benchmark/implementations/ocl/one_local_atomic_explicit_ocl.cpp:75

[  FAILED  ] OneLocalAtomicExplicitTest/OneLocalAtomicExplicitTest.Test/124
FAILED assertion ASSERT_CL_SUCCESS(clSetKernelArg(kernel, 3, sizeof(data.initialValue), &data.initialValue))
	value: -51 (CL_INVALID_ARG_SIZE)
	Location: /data/data/com.termux/files/home/compute-benchmarks/source/benchmarks/atomic_benchmark/implementations/ocl/one_local_atomic_explicit_ocl.cpp:75

[  FAILED  ] OneLocalAtomicExplicitTest/OneLocalAtomicExplicitTest.Test/125
FAILED assertion ASSERT_CL_SUCCESS(clSetKernelArg(kernel, 3, sizeof(data.initialValue), &data.initialValue))
	value: -51 (CL_INVALID_ARG_SIZE)
	Location: /data/data/com.termux/files/home/compute-benchmarks/source/benchmarks/atomic_benchmark/implementations/ocl/one_local_atomic_explicit_ocl.cpp:75

[  FAILED  ] OneLocalAtomicExplicitTest/OneLocalAtomicExplicitTest.Test/126
FAILED assertion ASSERT_CL_SUCCESS(clSetKernelArg(kernel, 3, sizeof(data.initialValue), &data.initialValue))
	value: -51 (CL_INVALID_ARG_SIZE)
	Location: /data/data/com.termux/files/home/compute-benchmarks/source/benchmarks/atomic_benchmark/implementations/ocl/one_local_atomic_explicit_ocl.cpp:75

[  FAILED  ] OneLocalAtomicExplicitTest/OneLocalAtomicExplicitTest.Test/127
FAILED assertion ASSERT_CL_SUCCESS(clSetKernelArg(kernel, 3, sizeof(data.initialValue), &data.initialValue))
	value: -51 (CL_INVALID_ARG_SIZE)
	Location: /data/data/com.termux/files/home/compute-benchmarks/source/benchmarks/atomic_benchmark/implementations/ocl/one_local_atomic_explicit_ocl.cpp:75

[  FAILED  ] OneLocalAtomicExplicitTest/OneLocalAtomicExplicitTest.Test/128
FAILED assertion ASSERT_CL_SUCCESS(clSetKernelArg(kernel, 3, sizeof(data.initialValue), &data.initialValue))
	value: -51 (CL_INVALID_ARG_SIZE)
	Location: /data/data/com.termux/files/home/compute-benchmarks/source/benchmarks/atomic_benchmark/implementations/ocl/one_local_atomic_explicit_ocl.cpp:75

[  FAILED  ] OneLocalAtomicExplicitTest/OneLocalAtomicExplicitTest.Test/129
FAILED assertion ASSERT_CL_SUCCESS(clSetKernelArg(kernel, 3, sizeof(data.initialValue), &data.initialValue))
	value: -51 (CL_INVALID_ARG_SIZE)
	Location: /data/data/com.termux/files/home/compute-benchmarks/source/benchmarks/atomic_benchmark/implementations/ocl/one_local_atomic_explicit_ocl.cpp:75

[  FAILED  ] OneLocalAtomicExplicitTest/OneLocalAtomicExplicitTest.Test/130
FAILED assertion ASSERT_CL_SUCCESS(clSetKernelArg(kernel, 3, sizeof(data.initialValue), &data.initialValue))
	value: -51 (CL_INVALID_ARG_SIZE)
	Location: /data/data/com.termux/files/home/compute-benchmarks/source/benchmarks/atomic_benchmark/implementations/ocl/one_local_atomic_explicit_ocl.cpp:75

[  FAILED  ] OneLocalAtomicExplicitTest/OneLocalAtomicExplicitTest.Test/131
FAILED assertion ASSERT_CL_SUCCESS(clSetKernelArg(kernel, 3, sizeof(data.initialValue), &data.initialValue))
	value: -51 (CL_INVALID_ARG_SIZE)
	Location: /data/data/com.termux/files/home/compute-benchmarks/source/benchmarks/atomic_benchmark/implementations/ocl/one_local_atomic_explicit_ocl.cpp:75

[  FAILED  ] OneLocalAtomicExplicitTest/OneLocalAtomicExplicitTest.Test/132
FAILED assertion ASSERT_CL_SUCCESS(clSetKernelArg(kernel, 3, sizeof(data.initialValue), &data.initialValue))
	value: -51 (CL_INVALID_ARG_SIZE)
	Location: /data/data/com.termux/files/home/compute-benchmarks/source/benchmarks/atomic_benchmark/implementations/ocl/one_local_atomic_explicit_ocl.cpp:75

[  FAILED  ] OneLocalAtomicExplicitTest/OneLocalAtomicExplicitTest.Test/133
FAILED assertion ASSERT_CL_SUCCESS(clSetKernelArg(kernel, 3, sizeof(data.initialValue), &data.initialValue))
	value: -51 (CL_INVALID_ARG_SIZE)
	Location: /data/data/com.termux/files/home/compute-benchmarks/source/benchmarks/atomic_benchmark/implementations/ocl/one_local_atomic_explicit_ocl.cpp:75

[  FAILED  ] OneLocalAtomicExplicitTest/OneLocalAtomicExplicitTest.Test/134
FAILED assertion ASSERT_CL_SUCCESS(clSetKernelArg(kernel, 3, sizeof(data.initialValue), &data.initialValue))
	value: -51 (CL_INVALID_ARG_SIZE)
	Location: /data/data/com.termux/files/home/compute-benchmarks/source/benchmarks/atomic_benchmark/implementations/ocl/one_local_atomic_explicit_ocl.cpp:75

[  FAILED  ] OneLocalAtomicExplicitTest/OneLocalAtomicExplicitTest.Test/135
FAILED assertion ASSERT_CL_SUCCESS(clSetKernelArg(kernel, 3, sizeof(data.initialValue), &data.initialValue))
	value: -51 (CL_INVALID_ARG_SIZE)
	Location: /data/data/com.termux/files/home/compute-benchmarks/source/benchmarks/atomic_benchmark/implementations/ocl/one_local_atomic_explicit_ocl.cpp:75

[  FAILED  ] OneLocalAtomicExplicitTest/OneLocalAtomicExplicitTest.Test/136
FAILED assertion ASSERT_CL_SUCCESS(clSetKernelArg(kernel, 3, sizeof(data.initialValue), &data.initialValue))
	value: -51 (CL_INVALID_ARG_SIZE)
	Location: /data/data/com.termux/files/home/compute-benchmarks/source/benchmarks/atomic_benchmark/implementations/ocl/one_local_atomic_explicit_ocl.cpp:75

[  FAILED  ] OneLocalAtomicExplicitTest/OneLocalAtomicExplicitTest.Test/137
FAILED assertion ASSERT_CL_SUCCESS(clSetKernelArg(kernel, 3, sizeof(data.initialValue), &data.initialValue))
	value: -51 (CL_INVALID_ARG_SIZE)
	Location: /data/data/com.termux/files/home/compute-benchmarks/source/benchmarks/atomic_benchmark/implementations/ocl/one_local_atomic_explicit_ocl.cpp:75

[  FAILED  ] OneLocalAtomicExplicitTest/OneLocalAtomicExplicitTest.Test/138
FAILED assertion ASSERT_CL_SUCCESS(clSetKernelArg(kernel, 3, sizeof(data.initialValue), &data.initialValue))
	value: -51 (CL_INVALID_ARG_SIZE)
	Location: /data/data/com.termux/files/home/compute-benchmarks/source/benchmarks/atomic_benchmark/implementations/ocl/one_local_atomic_explicit_ocl.cpp:75

[  FAILED  ] OneLocalAtomicExplicitTest/OneLocalAtomicExplicitTest.Test/139
FAILED assertion ASSERT_CL_SUCCESS(clSetKernelArg(kernel, 3, sizeof(data.initialValue), &data.initialValue))
	value: -51 (CL_INVALID_ARG_SIZE)
	Location: /data/data/com.termux/files/home/compute-benchmarks/source/benchmarks/atomic_benchmark/implementations/ocl/one_local_atomic_explicit_ocl.cpp:75

[  FAILED  ] OneLocalAtomicExplicitTest/OneLocalAtomicExplicitTest.Test/140
FAILED assertion ASSERT_CL_SUCCESS(clSetKernelArg(kernel, 3, sizeof(data.initialValue), &data.initialValue))
	value: -51 (CL_INVALID_ARG_SIZE)
	Location: /data/data/com.termux/files/home/compute-benchmarks/source/benchmarks/atomic_benchmark/implementations/ocl/one_local_atomic_explicit_ocl.cpp:75

[  FAILED  ] OneLocalAtomicExplicitTest/OneLocalAtomicExplicitTest.Test/141
FAILED assertion ASSERT_CL_SUCCESS(clSetKernelArg(kernel, 3, sizeof(data.initialValue), &data.initialValue))
	value: -51 (CL_INVALID_ARG_SIZE)
	Location: /data/data/com.termux/files/home/compute-benchmarks/source/benchmarks/atomic_benchmark/implementations/ocl/one_local_atomic_explicit_ocl.cpp:75

[  FAILED  ] OneLocalAtomicExplicitTest/OneLocalAtomicExplicitTest.Test/142
FAILED assertion ASSERT_CL_SUCCESS(clSetKernelArg(kernel, 3, sizeof(data.initialValue), &data.initialValue))
	value: -51 (CL_INVALID_ARG_SIZE)
	Location: /data/data/com.termux/files/home/compute-benchmarks/source/benchmarks/atomic_benchmark/implementations/ocl/one_local_atomic_explicit_ocl.cpp:75

[  FAILED  ] OneLocalAtomicExplicitTest/OneLocalAtomicExplicitTest.Test/143
FAILED assertion ASSERT_CL_SUCCESS(clSetKernelArg(kernel, 3, sizeof(data.initialValue), &data.initialValue))
	value: -51 (CL_INVALID_ARG_SIZE)
	Location: /data/data/com.termux/files/home/compute-benchmarks/source/benchmarks/atomic_benchmark/implementations/ocl/one_local_atomic_explicit_ocl.cpp:75

[  FAILED  ] OneLocalAtomicExplicitTest/OneLocalAtomicExplicitTest.Test/144
FAILED assertion ASSERT_CL_SUCCESS(clSetKernelArg(kernel, 3, sizeof(data.initialValue), &data.initialValue))
	value: -51 (CL_INVALID_ARG_SIZE)
	Location: /data/data/com.termux/files/home/compute-benchmarks/source/benchmarks/atomic_benchmark/implementations/ocl/one_local_atomic_explicit_ocl.cpp:75

[  FAILED  ] OneLocalAtomicExplicitTest/OneLocalAtomicExplicitTest.Test/145
FAILED assertion ASSERT_CL_SUCCESS(clSetKernelArg(kernel, 3, sizeof(data.initialValue), &data.initialValue))
	value: -51 (CL_INVALID_ARG_SIZE)
	Location: /data/data/com.termux/files/home/compute-benchmarks/source/benchmarks/atomic_benchmark/implementations/ocl/one_local_atomic_explicit_ocl.cpp:75

[  FAILED  ] OneLocalAtomicExplicitTest/OneLocalAtomicExplicitTest.Test/146
FAILED assertion ASSERT_CL_SUCCESS(clSetKernelArg(kernel, 3, sizeof(data.initialValue), &data.initialValue))
	value: -51 (CL_INVALID_ARG_SIZE)
	Location: /data/data/com.termux/files/home/compute-benchmarks/source/benchmarks/atomic_benchmark/implementations/ocl/one_local_atomic_explicit_ocl.cpp:75

[  FAILED  ] OneLocalAtomicExplicitTest/OneLocalAtomicExplicitTest.Test/147
FAILED assertion ASSERT_CL_SUCCESS(clSetKernelArg(kernel, 3, sizeof(data.initialValue), &data.initialValue))
	value: -51 (CL_INVALID_ARG_SIZE)
	Location: /data/data/com.termux/files/home/compute-benchmarks/source/benchmarks/atomic_benchmark/implementations/ocl/one_local_atomic_explicit_ocl.cpp:75

[  FAILED  ] OneLocalAtomicExplicitTest/OneLocalAtomicExplicitTest.Test/148
FAILED assertion ASSERT_CL_SUCCESS(clSetKernelArg(kernel, 3, sizeof(data.initialValue), &data.initialValue))
	value: -51 (CL_INVALID_ARG_SIZE)
	Location: /data/data/com.termux/files/home/compute-benchmarks/source/benchmarks/atomic_benchmark/implementations/ocl/one_local_atomic_explicit_ocl.cpp:75

[  FAILED  ] OneLocalAtomicExplicitTest/OneLocalAtomicExplicitTest.Test/149
FAILED assertion ASSERT_CL_SUCCESS(clSetKernelArg(kernel, 3, sizeof(data.initialValue), &data.initialValue))
	value: -51 (CL_INVALID_ARG_SIZE)
	Location: /data/data/com.termux/files/home/compute-benchmarks/source/benchmarks/atomic_benchmark/implementations/ocl/one_local_atomic_explicit_ocl.cpp:75

[  FAILED  ] OneLocalAtomicExplicitTest/OneLocalAtomicExplicitTest.Test/150
FAILED assertion ASSERT_CL_SUCCESS(clSetKernelArg(kernel, 3, sizeof(data.initialValue), &data.initialValue))
	value: -51 (CL_INVALID_ARG_SIZE)
	Location: /data/data/com.termux/files/home/compute-benchmarks/source/benchmarks/atomic_benchmark/implementations/ocl/one_local_atomic_explicit_ocl.cpp:75

[  FAILED  ] OneLocalAtomicExplicitTest/OneLocalAtomicExplicitTest.Test/151
FAILED assertion ASSERT_CL_SUCCESS(clSetKernelArg(kernel, 3, sizeof(data.initialValue), &data.initialValue))
	value: -51 (CL_INVALID_ARG_SIZE)
	Location: /data/data/com.termux/files/home/compute-benchmarks/source/benchmarks/atomic_benchmark/implementations/ocl/one_local_atomic_explicit_ocl.cpp:75

[  FAILED  ] OneLocalAtomicExplicitTest/OneLocalAtomicExplicitTest.Test/152
FAILED assertion ASSERT_CL_SUCCESS(clSetKernelArg(kernel, 3, sizeof(data.initialValue), &data.initialValue))
	value: -51 (CL_INVALID_ARG_SIZE)
	Location: /data/data/com.termux/files/home/compute-benchmarks/source/benchmarks/atomic_benchmark/implementations/ocl/one_local_atomic_explicit_ocl.cpp:75

[  FAILED  ] OneLocalAtomicExplicitTest/OneLocalAtomicExplicitTest.Test/153
FAILED assertion ASSERT_CL_SUCCESS(clSetKernelArg(kernel, 3, sizeof(data.initialValue), &data.initialValue))
	value: -51 (CL_INVALID_ARG_SIZE)
	Location: /data/data/com.termux/files/home/compute-benchmarks/source/benchmarks/atomic_benchmark/implementations/ocl/one_local_atomic_explicit_ocl.cpp:75

[  FAILED  ] OneLocalAtomicExplicitTest/OneLocalAtomicExplicitTest.Test/154
FAILED assertion ASSERT_CL_SUCCESS(clSetKernelArg(kernel, 3, sizeof(data.initialValue), &data.initialValue))
	value: -51 (CL_INVALID_ARG_SIZE)
	Location: /data/data/com.termux/files/home/compute-benchmarks/source/benchmarks/atomic_benchmark/implementations/ocl/one_local_atomic_explicit_ocl.cpp:75

[  FAILED  ] OneLocalAtomicExplicitTest/OneLocalAtomicExplicitTest.Test/155
FAILED assertion ASSERT_CL_SUCCESS(clSetKernelArg(kernel, 3, sizeof(data.initialValue), &data.initialValue))
	value: -51 (CL_INVALID_ARG_SIZE)
	Location: /data/data/com.termux/files/home/compute-benchmarks/source/benchmarks/atomic_benchmark/implementations/ocl/one_local_atomic_explicit_ocl.cpp:75

[  FAILED  ] OneLocalAtomicExplicitTest/OneLocalAtomicExplicitTest.Test/156
FAILED assertion ASSERT_CL_SUCCESS(clSetKernelArg(kernel, 3, sizeof(data.initialValue), &data.initialValue))
	value: -51 (CL_INVALID_ARG_SIZE)
	Location: /data/data/com.termux/files/home/compute-benchmarks/source/benchmarks/atomic_benchmark/implementations/ocl/one_local_atomic_explicit_ocl.cpp:75

[  FAILED  ] OneLocalAtomicExplicitTest/OneLocalAtomicExplicitTest.Test/157
FAILED assertion ASSERT_CL_SUCCESS(clSetKernelArg(kernel, 3, sizeof(data.initialValue), &data.initialValue))
	value: -51 (CL_INVALID_ARG_SIZE)
	Location: /data/data/com.termux/files/home/compute-benchmarks/source/benchmarks/atomic_benchmark/implementations/ocl/one_local_atomic_explicit_ocl.cpp:75

[  FAILED  ] OneLocalAtomicExplicitTest/OneLocalAtomicExplicitTest.Test/158
FAILED assertion ASSERT_CL_SUCCESS(clSetKernelArg(kernel, 3, sizeof(data.initialValue), &data.initialValue))
	value: -51 (CL_INVALID_ARG_SIZE)
	Location: /data/data/com.termux/files/home/compute-benchmarks/source/benchmarks/atomic_benchmark/implementations/ocl/one_local_atomic_explicit_ocl.cpp:75

[  FAILED  ] OneLocalAtomicExplicitTest/OneLocalAtomicExplicitTest.Test/159
FAILED assertion ASSERT_CL_SUCCESS(clSetKernelArg(kernel, 3, sizeof(data.initialValue), &data.initialValue))
	value: -51 (CL_INVALID_ARG_SIZE)
	Location: /data/data/com.termux/files/home/compute-benchmarks/source/benchmarks/atomic_benchmark/implementations/ocl/one_local_atomic_explicit_ocl.cpp:75

[  FAILED  ] OneLocalAtomicExplicitTest/OneLocalAtomicExplicitTest.Test/160
FAILED assertion ASSERT_CL_SUCCESS(clSetKernelArg(kernel, 3, sizeof(data.initialValue), &data.initialValue))
	value: -51 (CL_INVALID_ARG_SIZE)
	Location: /data/data/com.termux/files/home/compute-benchmarks/source/benchmarks/atomic_benchmark/implementations/ocl/one_local_atomic_explicit_ocl.cpp:75

[  FAILED  ] OneLocalAtomicExplicitTest/OneLocalAtomicExplicitTest.Test/161
FAILED assertion ASSERT_CL_SUCCESS(clSetKernelArg(kernel, 3, sizeof(data.initialValue), &data.initialValue))
	value: -51 (CL_INVALID_ARG_SIZE)
	Location: /data/data/com.termux/files/home/compute-benchmarks/source/benchmarks/atomic_benchmark/implementations/ocl/one_local_atomic_explicit_ocl.cpp:75

[  FAILED  ] OneLocalAtomicExplicitTest/OneLocalAtomicExplicitTest.Test/162
FAILED assertion ASSERT_CL_SUCCESS(clSetKernelArg(kernel, 3, sizeof(data.initialValue), &data.initialValue))
	value: -51 (CL_INVALID_ARG_SIZE)
	Location: /data/data/com.termux/files/home/compute-benchmarks/source/benchmarks/atomic_benchmark/implementations/ocl/one_local_atomic_explicit_ocl.cpp:75

[  FAILED  ] OneLocalAtomicExplicitTest/OneLocalAtomicExplicitTest.Test/163
FAILED assertion ASSERT_CL_SUCCESS(clSetKernelArg(kernel, 3, sizeof(data.initialValue), &data.initialValue))
	value: -51 (CL_INVALID_ARG_SIZE)
	Location: /data/data/com.termux/files/home/compute-benchmarks/source/benchmarks/atomic_benchmark/implementations/ocl/one_local_atomic_explicit_ocl.cpp:75

[  FAILED  ] OneLocalAtomicExplicitTest/OneLocalAtomicExplicitTest.Test/164
FAILED assertion ASSERT_CL_SUCCESS(clSetKernelArg(kernel, 3, sizeof(data.initialValue), &data.initialValue))
	value: -51 (CL_INVALID_ARG_SIZE)
	Location: /data/data/com.termux/files/home/compute-benchmarks/source/benchmarks/atomic_benchmark/implementations/ocl/one_local_atomic_explicit_ocl.cpp:75

[  FAILED  ] OneLocalAtomicExplicitTest/OneLocalAtomicExplicitTest.Test/165
FAILED assertion ASSERT_CL_SUCCESS(clSetKernelArg(kernel, 3, sizeof(data.initialValue), &data.initialValue))
	value: -51 (CL_INVALID_ARG_SIZE)
	Location: /data/data/com.termux/files/home/compute-benchmarks/source/benchmarks/atomic_benchmark/implementations/ocl/one_local_atomic_explicit_ocl.cpp:75

[  FAILED  ] OneLocalAtomicExplicitTest/OneLocalAtomicExplicitTest.Test/166
FAILED assertion ASSERT_CL_SUCCESS(clSetKernelArg(kernel, 3, sizeof(data.initialValue), &data.initialValue))
	value: -51 (CL_INVALID_ARG_SIZE)
	Location: /data/data/com.termux/files/home/compute-benchmarks/source/benchmarks/atomic_benchmark/implementations/ocl/one_local_atomic_explicit_ocl.cpp:75

[  FAILED  ] OneLocalAtomicExplicitTest/OneLocalAtomicExplicitTest.Test/167
FAILED assertion ASSERT_CL_SUCCESS(clSetKernelArg(kernel, 3, sizeof(data.initialValue), &data.initialValue))
	value: -51 (CL_INVALID_ARG_SIZE)
	Location: /data/data/com.termux/files/home/compute-benchmarks/source/benchmarks/atomic_benchmark/implementations/ocl/one_local_atomic_explicit_ocl.cpp:75

[  FAILED  ] OneLocalAtomicExplicitTest/OneLocalAtomicExplicitTest.Test/168
FAILED assertion ASSERT_CL_SUCCESS(clSetKernelArg(kernel, 3, sizeof(data.initialValue), &data.initialValue))
	value: -51 (CL_INVALID_ARG_SIZE)
	Location: /data/data/com.termux/files/home/compute-benchmarks/source/benchmarks/atomic_benchmark/implementations/ocl/one_local_atomic_explicit_ocl.cpp:75

[  FAILED  ] OneLocalAtomicExplicitTest/OneLocalAtomicExplicitTest.Test/169
FAILED assertion ASSERT_CL_SUCCESS(clSetKernelArg(kernel, 3, sizeof(data.initialValue), &data.initialValue))
	value: -51 (CL_INVALID_ARG_SIZE)
	Location: /data/data/com.termux/files/home/compute-benchmarks/source/benchmarks/atomic_benchmark/implementations/ocl/one_local_atomic_explicit_ocl.cpp:75

[  FAILED  ] OneLocalAtomicExplicitTest/OneLocalAtomicExplicitTest.Test/170
FAILED assertion ASSERT_CL_SUCCESS(clSetKernelArg(kernel, 3, sizeof(data.initialValue), &data.initialValue))
	value: -51 (CL_INVALID_ARG_SIZE)
	Location: /data/data/com.termux/files/home/compute-benchmarks/source/benchmarks/atomic_benchmark/implementations/ocl/one_local_atomic_explicit_ocl.cpp:75

[  FAILED  ] OneLocalAtomicExplicitTest/OneLocalAtomicExplicitTest.Test/171
FAILED assertion ASSERT_CL_SUCCESS(clSetKernelArg(kernel, 3, sizeof(data.initialValue), &data.initialValue))
	value: -51 (CL_INVALID_ARG_SIZE)
	Location: /data/data/com.termux/files/home/compute-benchmarks/source/benchmarks/atomic_benchmark/implementations/ocl/one_local_atomic_explicit_ocl.cpp:75

[  FAILED  ] OneLocalAtomicExplicitTest/OneLocalAtomicExplicitTest.Test/172
FAILED assertion ASSERT_CL_SUCCESS(clSetKernelArg(kernel, 3, sizeof(data.initialValue), &data.initialValue))
	value: -51 (CL_INVALID_ARG_SIZE)
	Location: /data/data/com.termux/files/home/compute-benchmarks/source/benchmarks/atomic_benchmark/implementations/ocl/one_local_atomic_explicit_ocl.cpp:75

[  FAILED  ] OneLocalAtomicExplicitTest/OneLocalAtomicExplicitTest.Test/173
FAILED assertion ASSERT_CL_SUCCESS(clSetKernelArg(kernel, 3, sizeof(data.initialValue), &data.initialValue))
	value: -51 (CL_INVALID_ARG_SIZE)
	Location: /data/data/com.termux/files/home/compute-benchmarks/source/benchmarks/atomic_benchmark/implementations/ocl/one_local_atomic_explicit_ocl.cpp:75

[  FAILED  ] OneLocalAtomicExplicitTest/OneLocalAtomicExplicitTest.Test/174
FAILED assertion ASSERT_CL_SUCCESS(clSetKernelArg(kernel, 3, sizeof(data.initialValue), &data.initialValue))
	value: -51 (CL_INVALID_ARG_SIZE)
	Location: /data/data/com.termux/files/home/compute-benchmarks/source/benchmarks/atomic_benchmark/implementations/ocl/one_local_atomic_explicit_ocl.cpp:75

[  FAILED  ] OneLocalAtomicExplicitTest/OneLocalAtomicExplicitTest.Test/175
FAILED assertion ASSERT_CL_SUCCESS(clSetKernelArg(kernel, 3, sizeof(data.initialValue), &data.initialValue))
	value: -51 (CL_INVALID_ARG_SIZE)
	Location: /data/data/com.termux/files/home/compute-benchmarks/source/benchmarks/atomic_benchmark/implementations/ocl/one_local_atomic_explicit_ocl.cpp:75

[  FAILED  ] OneLocalAtomicExplicitTest/OneLocalAtomicExplicitTest.Test/176
FAILED assertion ASSERT_CL_SUCCESS(clSetKernelArg(kernel, 3, sizeof(data.initialValue), &data.initialValue))
	value: -51 (CL_INVALID_ARG_SIZE)
	Location: /data/data/com.termux/files/home/compute-benchmarks/source/benchmarks/atomic_benchmark/implementations/ocl/one_local_atomic_explicit_ocl.cpp:75

[  FAILED  ] OneLocalAtomicExplicitTest/OneLocalAtomicExplicitTest.Test/177
FAILED assertion ASSERT_CL_SUCCESS(clSetKernelArg(kernel, 3, sizeof(data.initialValue), &data.initialValue))
	value: -51 (CL_INVALID_ARG_SIZE)
	Location: /data/data/com.termux/files/home/compute-benchmarks/source/benchmarks/atomic_benchmark/implementations/ocl/one_local_atomic_explicit_ocl.cpp:75

[  FAILED  ] OneLocalAtomicExplicitTest/OneLocalAtomicExplicitTest.Test/178
FAILED assertion ASSERT_CL_SUCCESS(clSetKernelArg(kernel, 3, sizeof(data.initialValue), &data.initialValue))
	value: -51 (CL_INVALID_ARG_SIZE)
	Location: /data/data/com.termux/files/home/compute-benchmarks/source/benchmarks/atomic_benchmark/implementations/ocl/one_local_atomic_explicit_ocl.cpp:75

[  FAILED  ] OneLocalAtomicExplicitTest/OneLocalAtomicExplicitTest.Test/179
FAILED assertion ASSERT_CL_SUCCESS(clSetKernelArg(kernel, 3, sizeof(data.initialValue), &data.initialValue))
	value: -51 (CL_INVALID_ARG_SIZE)
	Location: /data/data/com.termux/files/home/compute-benchmarks/source/benchmarks/atomic_benchmark/implementations/ocl/one_local_atomic_explicit_ocl.cpp:75

[  FAILED  ] OneLocalAtomicExplicitTest/OneLocalAtomicExplicitTest.Test/180
FAILED assertion ASSERT_CL_SUCCESS(clSetKernelArg(kernel, 3, sizeof(data.initialValue), &data.initialValue))
	value: -51 (CL_INVALID_ARG_SIZE)
	Location: /data/data/com.termux/files/home/compute-benchmarks/source/benchmarks/atomic_benchmark/implementations/ocl/one_local_atomic_explicit_ocl.cpp:75

[  FAILED  ] OneLocalAtomicExplicitTest/OneLocalAtomicExplicitTest.Test/181
FAILED assertion ASSERT_CL_SUCCESS(clSetKernelArg(kernel, 3, sizeof(data.initialValue), &data.initialValue))
	value: -51 (CL_INVALID_ARG_SIZE)
	Location: /data/data/com.termux/files/home/compute-benchmarks/source/benchmarks/atomic_benchmark/implementations/ocl/one_local_atomic_explicit_ocl.cpp:75

[  FAILED  ] OneLocalAtomicExplicitTest/OneLocalAtomicExplicitTest.Test/182
FAILED assertion ASSERT_CL_SUCCESS(clSetKernelArg(kernel, 3, sizeof(data.initialValue), &data.initialValue))
	value: -51 (CL_INVALID_ARG_SIZE)
	Location: /data/data/com.termux/files/home/compute-benchmarks/source/benchmarks/atomic_benchmark/implementations/ocl/one_local_atomic_explicit_ocl.cpp:75

[  FAILED  ] OneLocalAtomicExplicitTest/OneLocalAtomicExplicitTest.Test/183
FAILED assertion ASSERT_CL_SUCCESS(clSetKernelArg(kernel, 3, sizeof(data.initialValue), &data.initialValue))
	value: -51 (CL_INVALID_ARG_SIZE)
	Location: /data/data/com.termux/files/home/compute-benchmarks/source/benchmarks/atomic_benchmark/implementations/ocl/one_local_atomic_explicit_ocl.cpp:75

[  FAILED  ] OneLocalAtomicExplicitTest/OneLocalAtomicExplicitTest.Test/184
FAILED assertion ASSERT_CL_SUCCESS(clSetKernelArg(kernel, 3, sizeof(data.initialValue), &data.initialValue))
	value: -51 (CL_INVALID_ARG_SIZE)
	Location: /data/data/com.termux/files/home/compute-benchmarks/source/benchmarks/atomic_benchmark/implementations/ocl/one_local_atomic_explicit_ocl.cpp:75

[  FAILED  ] OneLocalAtomicExplicitTest/OneLocalAtomicExplicitTest.Test/185
FAILED assertion ASSERT_CL_SUCCESS(clSetKernelArg(kernel, 3, sizeof(data.initialValue), &data.initialValue))
	value: -51 (CL_INVALID_ARG_SIZE)
	Location: /data/data/com.termux/files/home/compute-benchmarks/source/benchmarks/atomic_benchmark/implementations/ocl/one_local_atomic_explicit_ocl.cpp:75

[  FAILED  ] OneLocalAtomicExplicitTest/OneLocalAtomicExplicitTest.Test/186
FAILED assertion ASSERT_CL_SUCCESS(clSetKernelArg(kernel, 3, sizeof(data.initialValue), &data.initialValue))
	value: -51 (CL_INVALID_ARG_SIZE)
	Location: /data/data/com.termux/files/home/compute-benchmarks/source/benchmarks/atomic_benchmark/implementations/ocl/one_local_atomic_explicit_ocl.cpp:75

[  FAILED  ] OneLocalAtomicExplicitTest/OneLocalAtomicExplicitTest.Test/187
FAILED assertion ASSERT_CL_SUCCESS(clSetKernelArg(kernel, 3, sizeof(data.initialValue), &data.initialValue))
	value: -51 (CL_INVALID_ARG_SIZE)
	Location: /data/data/com.termux/files/home/compute-benchmarks/source/benchmarks/atomic_benchmark/implementations/ocl/one_local_atomic_explicit_ocl.cpp:75

[  FAILED  ] OneLocalAtomicExplicitTest/OneLocalAtomicExplicitTest.Test/188
FAILED assertion ASSERT_CL_SUCCESS(clSetKernelArg(kernel, 3, sizeof(data.initialValue), &data.initialValue))
	value: -51 (CL_INVALID_ARG_SIZE)
	Location: /data/data/com.termux/files/home/compute-benchmarks/source/benchmarks/atomic_benchmark/implementations/ocl/one_local_atomic_explicit_ocl.cpp:75

[  FAILED  ] OneLocalAtomicExplicitTest/OneLocalAtomicExplicitTest.Test/189
FAILED assertion ASSERT_CL_SUCCESS(clSetKernelArg(kernel, 3, sizeof(data.initialValue), &data.initialValue))
	value: -51 (CL_INVALID_ARG_SIZE)
	Location: /data/data/com.termux/files/home/compute-benchmarks/source/benchmarks/atomic_benchmark/implementations/ocl/one_local_atomic_explicit_ocl.cpp:75

[  FAILED  ] OneLocalAtomicExplicitTest/OneLocalAtomicExplicitTest.Test/190
FAILED assertion ASSERT_CL_SUCCESS(clSetKernelArg(kernel, 3, sizeof(data.initialValue), &data.initialValue))
	value: -51 (CL_INVALID_ARG_SIZE)
	Location: /data/data/com.termux/files/home/compute-benchmarks/source/benchmarks/atomic_benchmark/implementations/ocl/one_local_atomic_explicit_ocl.cpp:75

[  FAILED  ] OneLocalAtomicExplicitTest/OneLocalAtomicExplicitTest.Test/191
FAILED assertion ASSERT_CL_SUCCESS(clSetKernelArg(kernel, 3, sizeof(data.initialValue), &data.initialValue))
	value: -51 (CL_INVALID_ARG_SIZE)
	Location: /data/data/com.termux/files/home/compute-benchmarks/source/benchmarks/atomic_benchmark/implementations/ocl/one_local_atomic_explicit_ocl.cpp:75

[  FAILED  ] OneLocalAtomicExplicitTest/OneLocalAtomicExplicitTest.Test/192
FAILED assertion ASSERT_CL_SUCCESS(clSetKernelArg(kernel, 3, sizeof(data.initialValue), &data.initialValue))
	value: -51 (CL_INVALID_ARG_SIZE)
	Location: /data/data/com.termux/files/home/compute-benchmarks/source/benchmarks/atomic_benchmark/implementations/ocl/one_local_atomic_explicit_ocl.cpp:75

[  FAILED  ] OneLocalAtomicExplicitTest/OneLocalAtomicExplicitTest.Test/193
FAILED assertion ASSERT_CL_SUCCESS(clSetKernelArg(kernel, 3, sizeof(data.initialValue), &data.initialValue))
	value: -51 (CL_INVALID_ARG_SIZE)
	Location: /data/data/com.termux/files/home/compute-benchmarks/source/benchmarks/atomic_benchmark/implementations/ocl/one_local_atomic_explicit_ocl.cpp:75

[  FAILED  ] OneLocalAtomicExplicitTest/OneLocalAtomicExplicitTest.Test/194
FAILED assertion ASSERT_CL_SUCCESS(clSetKernelArg(kernel, 3, sizeof(data.initialValue), &data.initialValue))
	value: -51 (CL_INVALID_ARG_SIZE)
	Location: /data/data/com.termux/files/home/compute-benchmarks/source/benchmarks/atomic_benchmark/implementations/ocl/one_local_atomic_explicit_ocl.cpp:75

[  FAILED  ] OneLocalAtomicExplicitTest/OneLocalAtomicExplicitTest.Test/195
FAILED assertion ASSERT_CL_SUCCESS(clSetKernelArg(kernel, 3, sizeof(data.initialValue), &data.initialValue))
	value: -51 (CL_INVALID_ARG_SIZE)
	Location: /data/data/com.termux/files/home/compute-benchmarks/source/benchmarks/atomic_benchmark/implementations/ocl/one_local_atomic_explicit_ocl.cpp:75

[  FAILED  ] OneLocalAtomicExplicitTest/OneLocalAtomicExplicitTest.Test/196
FAILED assertion ASSERT_CL_SUCCESS(clSetKernelArg(kernel, 3, sizeof(data.initialValue), &data.initialValue))
	value: -51 (CL_INVALID_ARG_SIZE)
	Location: /data/data/com.termux/files/home/compute-benchmarks/source/benchmarks/atomic_benchmark/implementations/ocl/one_local_atomic_explicit_ocl.cpp:75

[  FAILED  ] OneLocalAtomicExplicitTest/OneLocalAtomicExplicitTest.Test/197
FAILED assertion ASSERT_CL_SUCCESS(clSetKernelArg(kernel, 3, sizeof(data.initialValue), &data.initialValue))
	value: -51 (CL_INVALID_ARG_SIZE)
	Location: /data/data/com.termux/files/home/compute-benchmarks/source/benchmarks/atomic_benchmark/implementations/ocl/one_local_atomic_explicit_ocl.cpp:75

[  FAILED  ] OneLocalAtomicExplicitTest/OneLocalAtomicExplicitTest.Test/198
FAILED assertion ASSERT_CL_SUCCESS(clSetKernelArg(kernel, 3, sizeof(data.initialValue), &data.initialValue))
	value: -51 (CL_INVALID_ARG_SIZE)
	Location: /data/data/com.termux/files/home/compute-benchmarks/source/benchmarks/atomic_benchmark/implementations/ocl/one_local_atomic_explicit_ocl.cpp:75

[  FAILED  ] OneLocalAtomicExplicitTest/OneLocalAtomicExplicitTest.Test/199
FAILED assertion ASSERT_CL_SUCCESS(clSetKernelArg(kernel, 3, sizeof(data.initialValue), &data.initialValue))
	value: -51 (CL_INVALID_ARG_SIZE)
	Location: /data/data/com.termux/files/home/compute-benchmarks/source/benchmarks/atomic_benchmark/implementations/ocl/one_local_atomic_explicit_ocl.cpp:75

[  FAILED  ] SeparateAtomicsExplicitTest/SeparateAtomicsExplicitTest.Test/20
FAILED assertion ASSERT_CL_SUCCESS(clSetKernelArg(kernel, 3, sizeof(arguments.atomicsPerCacheline.getSizeOf()), arguments.atomicsPerCacheline.getAddressOf()))
	value: -51 (CL_INVALID_ARG_SIZE)
	Location: /data/data/com.termux/files/home/compute-benchmarks/source/benchmarks/atomic_benchmark/implementations/ocl/separate_atomics_explicit_ocl.cpp:87

[  FAILED  ] SeparateAtomicsExplicitTest/SeparateAtomicsExplicitTest.Test/21
FAILED assertion ASSERT_CL_SUCCESS(clSetKernelArg(kernel, 3, sizeof(arguments.atomicsPerCacheline.getSizeOf()), arguments.atomicsPerCacheline.getAddressOf()))
	value: -51 (CL_INVALID_ARG_SIZE)
	Location: /data/data/com.termux/files/home/compute-benchmarks/source/benchmarks/atomic_benchmark/implementations/ocl/separate_atomics_explicit_ocl.cpp:87

[  FAILED  ] SeparateAtomicsExplicitTest/SeparateAtomicsExplicitTest.Test/22
FAILED assertion ASSERT_CL_SUCCESS(clSetKernelArg(kernel, 3, sizeof(arguments.atomicsPerCacheline.getSizeOf()), arguments.atomicsPerCacheline.getAddressOf()))
	value: -51 (CL_INVALID_ARG_SIZE)
	Location: /data/data/com.termux/files/home/compute-benchmarks/source/benchmarks/atomic_benchmark/implementations/ocl/separate_atomics_explicit_ocl.cpp:87

[  FAILED  ] SeparateAtomicsExplicitTest/SeparateAtomicsExplicitTest.Test/23
FAILED assertion ASSERT_CL_SUCCESS(clSetKernelArg(kernel, 3, sizeof(arguments.atomicsPerCacheline.getSizeOf()), arguments.atomicsPerCacheline.getAddressOf()))
	value: -51 (CL_INVALID_ARG_SIZE)
	Location: /data/data/com.termux/files/home/compute-benchmarks/source/benchmarks/atomic_benchmark/implementations/ocl/separate_atomics_explicit_ocl.cpp:87

[  FAILED  ] SeparateAtomicsExplicitTest/SeparateAtomicsExplicitTest.Test/24
FAILED assertion ASSERT_CL_SUCCESS(clSetKernelArg(kernel, 3, sizeof(arguments.atomicsPerCacheline.getSizeOf()), arguments.atomicsPerCacheline.getAddressOf()))
	value: -51 (CL_INVALID_ARG_SIZE)
	Location: /data/data/com.termux/files/home/compute-benchmarks/source/benchmarks/atomic_benchmark/implementations/ocl/separate_atomics_explicit_ocl.cpp:87

[  FAILED  ] SeparateAtomicsExplicitTest/SeparateAtomicsExplicitTest.Test/25
FAILED assertion ASSERT_CL_SUCCESS(clSetKernelArg(kernel, 3, sizeof(arguments.atomicsPerCacheline.getSizeOf()), arguments.atomicsPerCacheline.getAddressOf()))
	value: -51 (CL_INVALID_ARG_SIZE)
	Location: /data/data/com.termux/files/home/compute-benchmarks/source/benchmarks/atomic_benchmark/implementations/ocl/separate_atomics_explicit_ocl.cpp:87

[  FAILED  ] SeparateAtomicsExplicitTest/SeparateAtomicsExplicitTest.Test/26
FAILED assertion ASSERT_CL_SUCCESS(clSetKernelArg(kernel, 3, sizeof(arguments.atomicsPerCacheline.getSizeOf()), arguments.atomicsPerCacheline.getAddressOf()))
	value: -51 (CL_INVALID_ARG_SIZE)
	Location: /data/data/com.termux/files/home/compute-benchmarks/source/benchmarks/atomic_benchmark/implementations/ocl/separate_atomics_explicit_ocl.cpp:87

[  FAILED  ] SeparateAtomicsExplicitTest/SeparateAtomicsExplicitTest.Test/27
FAILED assertion ASSERT_CL_SUCCESS(clSetKernelArg(kernel, 3, sizeof(arguments.atomicsPerCacheline.getSizeOf()), arguments.atomicsPerCacheline.getAddressOf()))
	value: -51 (CL_INVALID_ARG_SIZE)
	Location: /data/data/com.termux/files/home/compute-benchmarks/source/benchmarks/atomic_benchmark/implementations/ocl/separate_atomics_explicit_ocl.cpp:87

[  FAILED  ] SeparateAtomicsExplicitTest/SeparateAtomicsExplicitTest.Test/28
FAILED assertion ASSERT_CL_SUCCESS(clSetKernelArg(kernel, 3, sizeof(arguments.atomicsPerCacheline.getSizeOf()), arguments.atomicsPerCacheline.getAddressOf()))
	value: -51 (CL_INVALID_ARG_SIZE)
	Location: /data/data/com.termux/files/home/compute-benchmarks/source/benchmarks/atomic_benchmark/implementations/ocl/separate_atomics_explicit_ocl.cpp:87

[  FAILED  ] SeparateAtomicsExplicitTest/SeparateAtomicsExplicitTest.Test/29
FAILED assertion ASSERT_CL_SUCCESS(clSetKernelArg(kernel, 3, sizeof(arguments.atomicsPerCacheline.getSizeOf()), arguments.atomicsPerCacheline.getAddressOf()))
	value: -51 (CL_INVALID_ARG_SIZE)
	Location: /data/data/com.termux/files/home/compute-benchmarks/source/benchmarks/atomic_benchmark/implementations/ocl/separate_atomics_explicit_ocl.cpp:87

[  FAILED  ] SeparateAtomicsExplicitTest/SeparateAtomicsExplicitTest.Test/30
FAILED assertion ASSERT_CL_SUCCESS(clSetKernelArg(kernel, 3, sizeof(arguments.atomicsPerCacheline.getSizeOf()), arguments.atomicsPerCacheline.getAddressOf()))
	value: -51 (CL_INVALID_ARG_SIZE)
	Location: /data/data/com.termux/files/home/compute-benchmarks/source/benchmarks/atomic_benchmark/implementations/ocl/separate_atomics_explicit_ocl.cpp:87

[  FAILED  ] SeparateAtomicsExplicitTest/SeparateAtomicsExplicitTest.Test/31
FAILED assertion ASSERT_CL_SUCCESS(clSetKernelArg(kernel, 3, sizeof(arguments.atomicsPerCacheline.getSizeOf()), arguments.atomicsPerCacheline.getAddressOf()))
	value: -51 (CL_INVALID_ARG_SIZE)
	Location: /data/data/com.termux/files/home/compute-benchmarks/source/benchmarks/atomic_benchmark/implementations/ocl/separate_atomics_explicit_ocl.cpp:87

[  FAILED  ] SeparateAtomicsExplicitTest/SeparateAtomicsExplicitTest.Test/32
FAILED assertion ASSERT_CL_SUCCESS(clSetKernelArg(kernel, 3, sizeof(arguments.atomicsPerCacheline.getSizeOf()), arguments.atomicsPerCacheline.getAddressOf()))
	value: -51 (CL_INVALID_ARG_SIZE)
	Location: /data/data/com.termux/files/home/compute-benchmarks/source/benchmarks/atomic_benchmark/implementations/ocl/separate_atomics_explicit_ocl.cpp:87

[  FAILED  ] SeparateAtomicsExplicitTest/SeparateAtomicsExplicitTest.Test/33
FAILED assertion ASSERT_CL_SUCCESS(clSetKernelArg(kernel, 3, sizeof(arguments.atomicsPerCacheline.getSizeOf()), arguments.atomicsPerCacheline.getAddressOf()))
	value: -51 (CL_INVALID_ARG_SIZE)
	Location: /data/data/com.termux/files/home/compute-benchmarks/source/benchmarks/atomic_benchmark/implementations/ocl/separate_atomics_explicit_ocl.cpp:87

[  FAILED  ] SeparateAtomicsExplicitTest/SeparateAtomicsExplicitTest.Test/34
FAILED assertion ASSERT_CL_SUCCESS(clSetKernelArg(kernel, 3, sizeof(arguments.atomicsPerCacheline.getSizeOf()), arguments.atomicsPerCacheline.getAddressOf()))
	value: -51 (CL_INVALID_ARG_SIZE)
	Location: /data/data/com.termux/files/home/compute-benchmarks/source/benchmarks/atomic_benchmark/implementations/ocl/separate_atomics_explicit_ocl.cpp:87

[  FAILED  ] SeparateAtomicsExplicitTest/SeparateAtomicsExplicitTest.Test/35
FAILED assertion ASSERT_CL_SUCCESS(clSetKernelArg(kernel, 3, sizeof(arguments.atomicsPerCacheline.getSizeOf()), arguments.atomicsPerCacheline.getAddressOf()))
	value: -51 (CL_INVALID_ARG_SIZE)
	Location: /data/data/com.termux/files/home/compute-benchmarks/source/benchmarks/atomic_benchmark/implementations/ocl/separate_atomics_explicit_ocl.cpp:87

[  FAILED  ] SeparateAtomicsExplicitTest/SeparateAtomicsExplicitTest.Test/36
FAILED assertion ASSERT_CL_SUCCESS(clSetKernelArg(kernel, 3, sizeof(arguments.atomicsPerCacheline.getSizeOf()), arguments.atomicsPerCacheline.getAddressOf()))
	value: -51 (CL_INVALID_ARG_SIZE)
	Location: /data/data/com.termux/files/home/compute-benchmarks/source/benchmarks/atomic_benchmark/implementations/ocl/separate_atomics_explicit_ocl.cpp:87

[  FAILED  ] SeparateAtomicsExplicitTest/SeparateAtomicsExplicitTest.Test/37
FAILED assertion ASSERT_CL_SUCCESS(clSetKernelArg(kernel, 3, sizeof(arguments.atomicsPerCacheline.getSizeOf()), arguments.atomicsPerCacheline.getAddressOf()))
	value: -51 (CL_INVALID_ARG_SIZE)
	Location: /data/data/com.termux/files/home/compute-benchmarks/source/benchmarks/atomic_benchmark/implementations/ocl/separate_atomics_explicit_ocl.cpp:87

[  FAILED  ] SeparateAtomicsExplicitTest/SeparateAtomicsExplicitTest.Test/38
FAILED assertion ASSERT_CL_SUCCESS(clSetKernelArg(kernel, 3, sizeof(arguments.atomicsPerCacheline.getSizeOf()), arguments.atomicsPerCacheline.getAddressOf()))
	value: -51 (CL_INVALID_ARG_SIZE)
	Location: /data/data/com.termux/files/home/compute-benchmarks/source/benchmarks/atomic_benchmark/implementations/ocl/separate_atomics_explicit_ocl.cpp:87

[  FAILED  ] SeparateAtomicsExplicitTest/SeparateAtomicsExplicitTest.Test/39
FAILED assertion ASSERT_CL_SUCCESS(clSetKernelArg(kernel, 3, sizeof(arguments.atomicsPerCacheline.getSizeOf()), arguments.atomicsPerCacheline.getAddressOf()))
	value: -51 (CL_INVALID_ARG_SIZE)
	Location: /data/data/com.termux/files/home/compute-benchmarks/source/benchmarks/atomic_benchmark/implementations/ocl/separate_atomics_explicit_ocl.cpp:87

[  FAILED  ] SeparateAtomicsExplicitTest/SeparateAtomicsExplicitTest.Test/100
FAILED assertion ASSERT_CL_SUCCESS(clSetKernelArg(kernel, 3, sizeof(arguments.atomicsPerCacheline.getSizeOf()), arguments.atomicsPerCacheline.getAddressOf()))
	value: -51 (CL_INVALID_ARG_SIZE)
	Location: /data/data/com.termux/files/home/compute-benchmarks/source/benchmarks/atomic_benchmark/implementations/ocl/separate_atomics_explicit_ocl.cpp:87

[  FAILED  ] SeparateAtomicsExplicitTest/SeparateAtomicsExplicitTest.Test/101
FAILED assertion ASSERT_CL_SUCCESS(clSetKernelArg(kernel, 3, sizeof(arguments.atomicsPerCacheline.getSizeOf()), arguments.atomicsPerCacheline.getAddressOf()))
	value: -51 (CL_INVALID_ARG_SIZE)
	Location: /data/data/com.termux/files/home/compute-benchmarks/source/benchmarks/atomic_benchmark/implementations/ocl/separate_atomics_explicit_ocl.cpp:87

[  FAILED  ] SeparateAtomicsExplicitTest/SeparateAtomicsExplicitTest.Test/102
FAILED assertion ASSERT_CL_SUCCESS(clSetKernelArg(kernel, 3, sizeof(arguments.atomicsPerCacheline.getSizeOf()), arguments.atomicsPerCacheline.getAddressOf()))
	value: -51 (CL_INVALID_ARG_SIZE)
	Location: /data/data/com.termux/files/home/compute-benchmarks/source/benchmarks/atomic_benchmark/implementations/ocl/separate_atomics_explicit_ocl.cpp:87

[  FAILED  ] SeparateAtomicsExplicitTest/SeparateAtomicsExplicitTest.Test/103
FAILED assertion ASSERT_CL_SUCCESS(clSetKernelArg(kernel, 3, sizeof(arguments.atomicsPerCacheline.getSizeOf()), arguments.atomicsPerCacheline.getAddressOf()))
	value: -51 (CL_INVALID_ARG_SIZE)
	Location: /data/data/com.termux/files/home/compute-benchmarks/source/benchmarks/atomic_benchmark/implementations/ocl/separate_atomics_explicit_ocl.cpp:87

[  FAILED  ] SeparateAtomicsExplicitTest/SeparateAtomicsExplicitTest.Test/104
FAILED assertion ASSERT_CL_SUCCESS(clSetKernelArg(kernel, 3, sizeof(arguments.atomicsPerCacheline.getSizeOf()), arguments.atomicsPerCacheline.getAddressOf()))
	value: -51 (CL_INVALID_ARG_SIZE)
	Location: /data/data/com.termux/files/home/compute-benchmarks/source/benchmarks/atomic_benchmark/implementations/ocl/separate_atomics_explicit_ocl.cpp:87

[  FAILED  ] SeparateAtomicsExplicitTest/SeparateAtomicsExplicitTest.Test/105
FAILED assertion ASSERT_CL_SUCCESS(clSetKernelArg(kernel, 3, sizeof(arguments.atomicsPerCacheline.getSizeOf()), arguments.atomicsPerCacheline.getAddressOf()))
	value: -51 (CL_INVALID_ARG_SIZE)
	Location: /data/data/com.termux/files/home/compute-benchmarks/source/benchmarks/atomic_benchmark/implementations/ocl/separate_atomics_explicit_ocl.cpp:87

[  FAILED  ] SeparateAtomicsExplicitTest/SeparateAtomicsExplicitTest.Test/106
FAILED assertion ASSERT_CL_SUCCESS(clSetKernelArg(kernel, 3, sizeof(arguments.atomicsPerCacheline.getSizeOf()), arguments.atomicsPerCacheline.getAddressOf()))
	value: -51 (CL_INVALID_ARG_SIZE)
	Location: /data/data/com.termux/files/home/compute-benchmarks/source/benchmarks/atomic_benchmark/implementations/ocl/separate_atomics_explicit_ocl.cpp:87

[  FAILED  ] SeparateAtomicsExplicitTest/SeparateAtomicsExplicitTest.Test/107
FAILED assertion ASSERT_CL_SUCCESS(clSetKernelArg(kernel, 3, sizeof(arguments.atomicsPerCacheline.getSizeOf()), arguments.atomicsPerCacheline.getAddressOf()))
	value: -51 (CL_INVALID_ARG_SIZE)
	Location: /data/data/com.termux/files/home/compute-benchmarks/source/benchmarks/atomic_benchmark/implementations/ocl/separate_atomics_explicit_ocl.cpp:87

[  FAILED  ] SeparateAtomicsExplicitTest/SeparateAtomicsExplicitTest.Test/108
FAILED assertion ASSERT_CL_SUCCESS(clSetKernelArg(kernel, 3, sizeof(arguments.atomicsPerCacheline.getSizeOf()), arguments.atomicsPerCacheline.getAddressOf()))
	value: -51 (CL_INVALID_ARG_SIZE)
	Location: /data/data/com.termux/files/home/compute-benchmarks/source/benchmarks/atomic_benchmark/implementations/ocl/separate_atomics_explicit_ocl.cpp:87

[  FAILED  ] SeparateAtomicsExplicitTest/SeparateAtomicsExplicitTest.Test/109
FAILED assertion ASSERT_CL_SUCCESS(clSetKernelArg(kernel, 3, sizeof(arguments.atomicsPerCacheline.getSizeOf()), arguments.atomicsPerCacheline.getAddressOf()))
	value: -51 (CL_INVALID_ARG_SIZE)
	Location: /data/data/com.termux/files/home/compute-benchmarks/source/benchmarks/atomic_benchmark/implementations/ocl/separate_atomics_explicit_ocl.cpp:87

[  FAILED  ] SeparateAtomicsExplicitTest/SeparateAtomicsExplicitTest.Test/110
FAILED assertion ASSERT_CL_SUCCESS(clSetKernelArg(kernel, 3, sizeof(arguments.atomicsPerCacheline.getSizeOf()), arguments.atomicsPerCacheline.getAddressOf()))
	value: -51 (CL_INVALID_ARG_SIZE)
	Location: /data/data/com.termux/files/home/compute-benchmarks/source/benchmarks/atomic_benchmark/implementations/ocl/separate_atomics_explicit_ocl.cpp:87

[  FAILED  ] SeparateAtomicsExplicitTest/SeparateAtomicsExplicitTest.Test/111
FAILED assertion ASSERT_CL_SUCCESS(clSetKernelArg(kernel, 3, sizeof(arguments.atomicsPerCacheline.getSizeOf()), arguments.atomicsPerCacheline.getAddressOf()))
	value: -51 (CL_INVALID_ARG_SIZE)
	Location: /data/data/com.termux/files/home/compute-benchmarks/source/benchmarks/atomic_benchmark/implementations/ocl/separate_atomics_explicit_ocl.cpp:87

[  FAILED  ] SeparateAtomicsExplicitTest/SeparateAtomicsExplicitTest.Test/112
FAILED assertion ASSERT_CL_SUCCESS(clSetKernelArg(kernel, 3, sizeof(arguments.atomicsPerCacheline.getSizeOf()), arguments.atomicsPerCacheline.getAddressOf()))
	value: -51 (CL_INVALID_ARG_SIZE)
	Location: /data/data/com.termux/files/home/compute-benchmarks/source/benchmarks/atomic_benchmark/implementations/ocl/separate_atomics_explicit_ocl.cpp:87

[  FAILED  ] SeparateAtomicsExplicitTest/SeparateAtomicsExplicitTest.Test/113
FAILED assertion ASSERT_CL_SUCCESS(clSetKernelArg(kernel, 3, sizeof(arguments.atomicsPerCacheline.getSizeOf()), arguments.atomicsPerCacheline.getAddressOf()))
	value: -51 (CL_INVALID_ARG_SIZE)
	Location: /data/data/com.termux/files/home/compute-benchmarks/source/benchmarks/atomic_benchmark/implementations/ocl/separate_atomics_explicit_ocl.cpp:87

[  FAILED  ] SeparateAtomicsExplicitTest/SeparateAtomicsExplicitTest.Test/114
FAILED assertion ASSERT_CL_SUCCESS(clSetKernelArg(kernel, 3, sizeof(arguments.atomicsPerCacheline.getSizeOf()), arguments.atomicsPerCacheline.getAddressOf()))
	value: -51 (CL_INVALID_ARG_SIZE)
	Location: /data/data/com.termux/files/home/compute-benchmarks/source/benchmarks/atomic_benchmark/implementations/ocl/separate_atomics_explicit_ocl.cpp:87

[  FAILED  ] SeparateAtomicsExplicitTest/SeparateAtomicsExplicitTest.Test/115
FAILED assertion ASSERT_CL_SUCCESS(clSetKernelArg(kernel, 3, sizeof(arguments.atomicsPerCacheline.getSizeOf()), arguments.atomicsPerCacheline.getAddressOf()))
	value: -51 (CL_INVALID_ARG_SIZE)
	Location: /data/data/com.termux/files/home/compute-benchmarks/source/benchmarks/atomic_benchmark/implementations/ocl/separate_atomics_explicit_ocl.cpp:87

[  FAILED  ] SeparateAtomicsExplicitTest/SeparateAtomicsExplicitTest.Test/116
FAILED assertion ASSERT_CL_SUCCESS(clSetKernelArg(kernel, 3, sizeof(arguments.atomicsPerCacheline.getSizeOf()), arguments.atomicsPerCacheline.getAddressOf()))
	value: -51 (CL_INVALID_ARG_SIZE)
	Location: /data/data/com.termux/files/home/compute-benchmarks/source/benchmarks/atomic_benchmark/implementations/ocl/separate_atomics_explicit_ocl.cpp:87

[  FAILED  ] SeparateAtomicsExplicitTest/SeparateAtomicsExplicitTest.Test/117
FAILED assertion ASSERT_CL_SUCCESS(clSetKernelArg(kernel, 3, sizeof(arguments.atomicsPerCacheline.getSizeOf()), arguments.atomicsPerCacheline.getAddressOf()))
	value: -51 (CL_INVALID_ARG_SIZE)
	Location: /data/data/com.termux/files/home/compute-benchmarks/source/benchmarks/atomic_benchmark/implementations/ocl/separate_atomics_explicit_ocl.cpp:87

[  FAILED  ] SeparateAtomicsExplicitTest/SeparateAtomicsExplicitTest.Test/118
FAILED assertion ASSERT_CL_SUCCESS(clSetKernelArg(kernel, 3, sizeof(arguments.atomicsPerCacheline.getSizeOf()), arguments.atomicsPerCacheline.getAddressOf()))
	value: -51 (CL_INVALID_ARG_SIZE)
	Location: /data/data/com.termux/files/home/compute-benchmarks/source/benchmarks/atomic_benchmark/implementations/ocl/separate_atomics_explicit_ocl.cpp:87

[  FAILED  ] SeparateAtomicsExplicitTest/SeparateAtomicsExplicitTest.Test/119
FAILED assertion ASSERT_CL_SUCCESS(clSetKernelArg(kernel, 3, sizeof(arguments.atomicsPerCacheline.getSizeOf()), arguments.atomicsPerCacheline.getAddressOf()))
	value: -51 (CL_INVALID_ARG_SIZE)
	Location: /data/data/com.termux/files/home/compute-benchmarks/source/benchmarks/atomic_benchmark/implementations/ocl/separate_atomics_explicit_ocl.cpp:87

[  FAILED  ] SeparateAtomicsExplicitTest/SeparateAtomicsExplicitTest.Test/120
FAILED assertion ASSERT_CL_SUCCESS(clSetKernelArg(kernel, 3, sizeof(arguments.atomicsPerCacheline.getSizeOf()), arguments.atomicsPerCacheline.getAddressOf()))
	value: -51 (CL_INVALID_ARG_SIZE)
	Location: /data/data/com.termux/files/home/compute-benchmarks/source/benchmarks/atomic_benchmark/implementations/ocl/separate_atomics_explicit_ocl.cpp:87

[  FAILED  ] SeparateAtomicsExplicitTest/SeparateAtomicsExplicitTest.Test/121
FAILED assertion ASSERT_CL_SUCCESS(clSetKernelArg(kernel, 3, sizeof(arguments.atomicsPerCacheline.getSizeOf()), arguments.atomicsPerCacheline.getAddressOf()))
	value: -51 (CL_INVALID_ARG_SIZE)
	Location: /data/data/com.termux/files/home/compute-benchmarks/source/benchmarks/atomic_benchmark/implementations/ocl/separate_atomics_explicit_ocl.cpp:87

[  FAILED  ] SeparateAtomicsExplicitTest/SeparateAtomicsExplicitTest.Test/122
FAILED assertion ASSERT_CL_SUCCESS(clSetKernelArg(kernel, 3, sizeof(arguments.atomicsPerCacheline.getSizeOf()), arguments.atomicsPerCacheline.getAddressOf()))
	value: -51 (CL_INVALID_ARG_SIZE)
	Location: /data/data/com.termux/files/home/compute-benchmarks/source/benchmarks/atomic_benchmark/implementations/ocl/separate_atomics_explicit_ocl.cpp:87

[  FAILED  ] SeparateAtomicsExplicitTest/SeparateAtomicsExplicitTest.Test/123
FAILED assertion ASSERT_CL_SUCCESS(clSetKernelArg(kernel, 3, sizeof(arguments.atomicsPerCacheline.getSizeOf()), arguments.atomicsPerCacheline.getAddressOf()))
	value: -51 (CL_INVALID_ARG_SIZE)
	Location: /data/data/com.termux/files/home/compute-benchmarks/source/benchmarks/atomic_benchmark/implementations/ocl/separate_atomics_explicit_ocl.cpp:87

[  FAILED  ] SeparateAtomicsExplicitTest/SeparateAtomicsExplicitTest.Test/124
FAILED assertion ASSERT_CL_SUCCESS(clSetKernelArg(kernel, 3, sizeof(arguments.atomicsPerCacheline.getSizeOf()), arguments.atomicsPerCacheline.getAddressOf()))
	value: -51 (CL_INVALID_ARG_SIZE)
	Location: /data/data/com.termux/files/home/compute-benchmarks/source/benchmarks/atomic_benchmark/implementations/ocl/separate_atomics_explicit_ocl.cpp:87

[  FAILED  ] SeparateAtomicsExplicitTest/SeparateAtomicsExplicitTest.Test/125
FAILED assertion ASSERT_CL_SUCCESS(clSetKernelArg(kernel, 3, sizeof(arguments.atomicsPerCacheline.getSizeOf()), arguments.atomicsPerCacheline.getAddressOf()))
	value: -51 (CL_INVALID_ARG_SIZE)
	Location: /data/data/com.termux/files/home/compute-benchmarks/source/benchmarks/atomic_benchmark/implementations/ocl/separate_atomics_explicit_ocl.cpp:87

[  FAILED  ] SeparateAtomicsExplicitTest/SeparateAtomicsExplicitTest.Test/126
FAILED assertion ASSERT_CL_SUCCESS(clSetKernelArg(kernel, 3, sizeof(arguments.atomicsPerCacheline.getSizeOf()), arguments.atomicsPerCacheline.getAddressOf()))
	value: -51 (CL_INVALID_ARG_SIZE)
	Location: /data/data/com.termux/files/home/compute-benchmarks/source/benchmarks/atomic_benchmark/implementations/ocl/separate_atomics_explicit_ocl.cpp:87

[  FAILED  ] SeparateAtomicsExplicitTest/SeparateAtomicsExplicitTest.Test/127
FAILED assertion ASSERT_CL_SUCCESS(clSetKernelArg(kernel, 3, sizeof(arguments.atomicsPerCacheline.getSizeOf()), arguments.atomicsPerCacheline.getAddressOf()))
	value: -51 (CL_INVALID_ARG_SIZE)
	Location: /data/data/com.termux/files/home/compute-benchmarks/source/benchmarks/atomic_benchmark/implementations/ocl/separate_atomics_explicit_ocl.cpp:87

[  FAILED  ] SeparateAtomicsExplicitTest/SeparateAtomicsExplicitTest.Test/128
FAILED assertion ASSERT_CL_SUCCESS(clSetKernelArg(kernel, 3, sizeof(arguments.atomicsPerCacheline.getSizeOf()), arguments.atomicsPerCacheline.getAddressOf()))
	value: -51 (CL_INVALID_ARG_SIZE)
	Location: /data/data/com.termux/files/home/compute-benchmarks/source/benchmarks/atomic_benchmark/implementations/ocl/separate_atomics_explicit_ocl.cpp:87

[  FAILED  ] SeparateAtomicsExplicitTest/SeparateAtomicsExplicitTest.Test/129
FAILED assertion ASSERT_CL_SUCCESS(clSetKernelArg(kernel, 3, sizeof(arguments.atomicsPerCacheline.getSizeOf()), arguments.atomicsPerCacheline.getAddressOf()))
	value: -51 (CL_INVALID_ARG_SIZE)
	Location: /data/data/com.termux/files/home/compute-benchmarks/source/benchmarks/atomic_benchmark/implementations/ocl/separate_atomics_explicit_ocl.cpp:87

[  FAILED  ] SeparateAtomicsExplicitTest/SeparateAtomicsExplicitTest.Test/130
FAILED assertion ASSERT_CL_SUCCESS(clSetKernelArg(kernel, 3, sizeof(arguments.atomicsPerCacheline.getSizeOf()), arguments.atomicsPerCacheline.getAddressOf()))
	value: -51 (CL_INVALID_ARG_SIZE)
	Location: /data/data/com.termux/files/home/compute-benchmarks/source/benchmarks/atomic_benchmark/implementations/ocl/separate_atomics_explicit_ocl.cpp:87

[  FAILED  ] SeparateAtomicsExplicitTest/SeparateAtomicsExplicitTest.Test/131
FAILED assertion ASSERT_CL_SUCCESS(clSetKernelArg(kernel, 3, sizeof(arguments.atomicsPerCacheline.getSizeOf()), arguments.atomicsPerCacheline.getAddressOf()))
	value: -51 (CL_INVALID_ARG_SIZE)
	Location: /data/data/com.termux/files/home/compute-benchmarks/source/benchmarks/atomic_benchmark/implementations/ocl/separate_atomics_explicit_ocl.cpp:87

[  FAILED  ] SeparateAtomicsExplicitTest/SeparateAtomicsExplicitTest.Test/132
FAILED assertion ASSERT_CL_SUCCESS(clSetKernelArg(kernel, 3, sizeof(arguments.atomicsPerCacheline.getSizeOf()), arguments.atomicsPerCacheline.getAddressOf()))
	value: -51 (CL_INVALID_ARG_SIZE)
	Location: /data/data/com.termux/files/home/compute-benchmarks/source/benchmarks/atomic_benchmark/implementations/ocl/separate_atomics_explicit_ocl.cpp:87

[  FAILED  ] SeparateAtomicsExplicitTest/SeparateAtomicsExplicitTest.Test/133
FAILED assertion ASSERT_CL_SUCCESS(clSetKernelArg(kernel, 3, sizeof(arguments.atomicsPerCacheline.getSizeOf()), arguments.atomicsPerCacheline.getAddressOf()))
	value: -51 (CL_INVALID_ARG_SIZE)
	Location: /data/data/com.termux/files/home/compute-benchmarks/source/benchmarks/atomic_benchmark/implementations/ocl/separate_atomics_explicit_ocl.cpp:87

[  FAILED  ] SeparateAtomicsExplicitTest/SeparateAtomicsExplicitTest.Test/134
FAILED assertion ASSERT_CL_SUCCESS(clSetKernelArg(kernel, 3, sizeof(arguments.atomicsPerCacheline.getSizeOf()), arguments.atomicsPerCacheline.getAddressOf()))
	value: -51 (CL_INVALID_ARG_SIZE)
	Location: /data/data/com.termux/files/home/compute-benchmarks/source/benchmarks/atomic_benchmark/implementations/ocl/separate_atomics_explicit_ocl.cpp:87

[  FAILED  ] SeparateAtomicsExplicitTest/SeparateAtomicsExplicitTest.Test/135
FAILED assertion ASSERT_CL_SUCCESS(clSetKernelArg(kernel, 3, sizeof(arguments.atomicsPerCacheline.getSizeOf()), arguments.atomicsPerCacheline.getAddressOf()))
	value: -51 (CL_INVALID_ARG_SIZE)
	Location: /data/data/com.termux/files/home/compute-benchmarks/source/benchmarks/atomic_benchmark/implementations/ocl/separate_atomics_explicit_ocl.cpp:87

[  FAILED  ] SeparateAtomicsExplicitTest/SeparateAtomicsExplicitTest.Test/136
FAILED assertion ASSERT_CL_SUCCESS(clSetKernelArg(kernel, 3, sizeof(arguments.atomicsPerCacheline.getSizeOf()), arguments.atomicsPerCacheline.getAddressOf()))
	value: -51 (CL_INVALID_ARG_SIZE)
	Location: /data/data/com.termux/files/home/compute-benchmarks/source/benchmarks/atomic_benchmark/implementations/ocl/separate_atomics_explicit_ocl.cpp:87

[  FAILED  ] SeparateAtomicsExplicitTest/SeparateAtomicsExplicitTest.Test/137
FAILED assertion ASSERT_CL_SUCCESS(clSetKernelArg(kernel, 3, sizeof(arguments.atomicsPerCacheline.getSizeOf()), arguments.atomicsPerCacheline.getAddressOf()))
	value: -51 (CL_INVALID_ARG_SIZE)
	Location: /data/data/com.termux/files/home/compute-benchmarks/source/benchmarks/atomic_benchmark/implementations/ocl/separate_atomics_explicit_ocl.cpp:87

[  FAILED  ] SeparateAtomicsExplicitTest/SeparateAtomicsExplicitTest.Test/138
FAILED assertion ASSERT_CL_SUCCESS(clSetKernelArg(kernel, 3, sizeof(arguments.atomicsPerCacheline.getSizeOf()), arguments.atomicsPerCacheline.getAddressOf()))
	value: -51 (CL_INVALID_ARG_SIZE)
	Location: /data/data/com.termux/files/home/compute-benchmarks/source/benchmarks/atomic_benchmark/implementations/ocl/separate_atomics_explicit_ocl.cpp:87

[  FAILED  ] SeparateAtomicsExplicitTest/SeparateAtomicsExplicitTest.Test/139
FAILED assertion ASSERT_CL_SUCCESS(clSetKernelArg(kernel, 3, sizeof(arguments.atomicsPerCacheline.getSizeOf()), arguments.atomicsPerCacheline.getAddressOf()))
	value: -51 (CL_INVALID_ARG_SIZE)
	Location: /data/data/com.termux/files/home/compute-benchmarks/source/benchmarks/atomic_benchmark/implementations/ocl/separate_atomics_explicit_ocl.cpp:87

[  FAILED  ] SeparateAtomicsExplicitTest/SeparateAtomicsExplicitTest.Test/140
FAILED assertion ASSERT_CL_SUCCESS(clSetKernelArg(kernel, 3, sizeof(arguments.atomicsPerCacheline.getSizeOf()), arguments.atomicsPerCacheline.getAddressOf()))
	value: -51 (CL_INVALID_ARG_SIZE)
	Location: /data/data/com.termux/files/home/compute-benchmarks/source/benchmarks/atomic_benchmark/implementations/ocl/separate_atomics_explicit_ocl.cpp:87

[  FAILED  ] SeparateAtomicsExplicitTest/SeparateAtomicsExplicitTest.Test/141
FAILED assertion ASSERT_CL_SUCCESS(clSetKernelArg(kernel, 3, sizeof(arguments.atomicsPerCacheline.getSizeOf()), arguments.atomicsPerCacheline.getAddressOf()))
	value: -51 (CL_INVALID_ARG_SIZE)
	Location: /data/data/com.termux/files/home/compute-benchmarks/source/benchmarks/atomic_benchmark/implementations/ocl/separate_atomics_explicit_ocl.cpp:87

[  FAILED  ] SeparateAtomicsExplicitTest/SeparateAtomicsExplicitTest.Test/142
FAILED assertion ASSERT_CL_SUCCESS(clSetKernelArg(kernel, 3, sizeof(arguments.atomicsPerCacheline.getSizeOf()), arguments.atomicsPerCacheline.getAddressOf()))
	value: -51 (CL_INVALID_ARG_SIZE)
	Location: /data/data/com.termux/files/home/compute-benchmarks/source/benchmarks/atomic_benchmark/implementations/ocl/separate_atomics_explicit_ocl.cpp:87

[  FAILED  ] SeparateAtomicsExplicitTest/SeparateAtomicsExplicitTest.Test/143
FAILED assertion ASSERT_CL_SUCCESS(clSetKernelArg(kernel, 3, sizeof(arguments.atomicsPerCacheline.getSizeOf()), arguments.atomicsPerCacheline.getAddressOf()))
	value: -51 (CL_INVALID_ARG_SIZE)
	Location: /data/data/com.termux/files/home/compute-benchmarks/source/benchmarks/atomic_benchmark/implementations/ocl/separate_atomics_explicit_ocl.cpp:87

[  FAILED  ] SeparateAtomicsExplicitTest/SeparateAtomicsExplicitTest.Test/144
FAILED assertion ASSERT_CL_SUCCESS(clSetKernelArg(kernel, 3, sizeof(arguments.atomicsPerCacheline.getSizeOf()), arguments.atomicsPerCacheline.getAddressOf()))
	value: -51 (CL_INVALID_ARG_SIZE)
	Location: /data/data/com.termux/files/home/compute-benchmarks/source/benchmarks/atomic_benchmark/implementations/ocl/separate_atomics_explicit_ocl.cpp:87

[  FAILED  ] SeparateAtomicsExplicitTest/SeparateAtomicsExplicitTest.Test/145
FAILED assertion ASSERT_CL_SUCCESS(clSetKernelArg(kernel, 3, sizeof(arguments.atomicsPerCacheline.getSizeOf()), arguments.atomicsPerCacheline.getAddressOf()))
	value: -51 (CL_INVALID_ARG_SIZE)
	Location: /data/data/com.termux/files/home/compute-benchmarks/source/benchmarks/atomic_benchmark/implementations/ocl/separate_atomics_explicit_ocl.cpp:87

[  FAILED  ] SeparateAtomicsExplicitTest/SeparateAtomicsExplicitTest.Test/146
FAILED assertion ASSERT_CL_SUCCESS(clSetKernelArg(kernel, 3, sizeof(arguments.atomicsPerCacheline.getSizeOf()), arguments.atomicsPerCacheline.getAddressOf()))
	value: -51 (CL_INVALID_ARG_SIZE)
	Location: /data/data/com.termux/files/home/compute-benchmarks/source/benchmarks/atomic_benchmark/implementations/ocl/separate_atomics_explicit_ocl.cpp:87

[  FAILED  ] SeparateAtomicsExplicitTest/SeparateAtomicsExplicitTest.Test/147
FAILED assertion ASSERT_CL_SUCCESS(clSetKernelArg(kernel, 3, sizeof(arguments.atomicsPerCacheline.getSizeOf()), arguments.atomicsPerCacheline.getAddressOf()))
	value: -51 (CL_INVALID_ARG_SIZE)
	Location: /data/data/com.termux/files/home/compute-benchmarks/source/benchmarks/atomic_benchmark/implementations/ocl/separate_atomics_explicit_ocl.cpp:87

[  FAILED  ] SeparateAtomicsExplicitTest/SeparateAtomicsExplicitTest.Test/148
FAILED assertion ASSERT_CL_SUCCESS(clSetKernelArg(kernel, 3, sizeof(arguments.atomicsPerCacheline.getSizeOf()), arguments.atomicsPerCacheline.getAddressOf()))
	value: -51 (CL_INVALID_ARG_SIZE)
	Location: /data/data/com.termux/files/home/compute-benchmarks/source/benchmarks/atomic_benchmark/implementations/ocl/separate_atomics_explicit_ocl.cpp:87

[  FAILED  ] SeparateAtomicsExplicitTest/SeparateAtomicsExplicitTest.Test/149
FAILED assertion ASSERT_CL_SUCCESS(clSetKernelArg(kernel, 3, sizeof(arguments.atomicsPerCacheline.getSizeOf()), arguments.atomicsPerCacheline.getAddressOf()))
	value: -51 (CL_INVALID_ARG_SIZE)
	Location: /data/data/com.termux/files/home/compute-benchmarks/source/benchmarks/atomic_benchmark/implementations/ocl/separate_atomics_explicit_ocl.cpp:87

[  FAILED  ] SeparateAtomicsExplicitTest/SeparateAtomicsExplicitTest.Test/150
FAILED assertion ASSERT_CL_SUCCESS(clSetKernelArg(kernel, 3, sizeof(arguments.atomicsPerCacheline.getSizeOf()), arguments.atomicsPerCacheline.getAddressOf()))
	value: -51 (CL_INVALID_ARG_SIZE)
	Location: /data/data/com.termux/files/home/compute-benchmarks/source/benchmarks/atomic_benchmark/implementations/ocl/separate_atomics_explicit_ocl.cpp:87

[  FAILED  ] SeparateAtomicsExplicitTest/SeparateAtomicsExplicitTest.Test/151
FAILED assertion ASSERT_CL_SUCCESS(clSetKernelArg(kernel, 3, sizeof(arguments.atomicsPerCacheline.getSizeOf()), arguments.atomicsPerCacheline.getAddressOf()))
	value: -51 (CL_INVALID_ARG_SIZE)
	Location: /data/data/com.termux/files/home/compute-benchmarks/source/benchmarks/atomic_benchmark/implementations/ocl/separate_atomics_explicit_ocl.cpp:87

[  FAILED  ] SeparateAtomicsExplicitTest/SeparateAtomicsExplicitTest.Test/152
FAILED assertion ASSERT_CL_SUCCESS(clSetKernelArg(kernel, 3, sizeof(arguments.atomicsPerCacheline.getSizeOf()), arguments.atomicsPerCacheline.getAddressOf()))
	value: -51 (CL_INVALID_ARG_SIZE)
	Location: /data/data/com.termux/files/home/compute-benchmarks/source/benchmarks/atomic_benchmark/implementations/ocl/separate_atomics_explicit_ocl.cpp:87

[  FAILED  ] SeparateAtomicsExplicitTest/SeparateAtomicsExplicitTest.Test/153
FAILED assertion ASSERT_CL_SUCCESS(clSetKernelArg(kernel, 3, sizeof(arguments.atomicsPerCacheline.getSizeOf()), arguments.atomicsPerCacheline.getAddressOf()))
	value: -51 (CL_INVALID_ARG_SIZE)
	Location: /data/data/com.termux/files/home/compute-benchmarks/source/benchmarks/atomic_benchmark/implementations/ocl/separate_atomics_explicit_ocl.cpp:87

[  FAILED  ] SeparateAtomicsExplicitTest/SeparateAtomicsExplicitTest.Test/154
FAILED assertion ASSERT_CL_SUCCESS(clSetKernelArg(kernel, 3, sizeof(arguments.atomicsPerCacheline.getSizeOf()), arguments.atomicsPerCacheline.getAddressOf()))
	value: -51 (CL_INVALID_ARG_SIZE)
	Location: /data/data/com.termux/files/home/compute-benchmarks/source/benchmarks/atomic_benchmark/implementations/ocl/separate_atomics_explicit_ocl.cpp:87

[  FAILED  ] SeparateAtomicsExplicitTest/SeparateAtomicsExplicitTest.Test/155
FAILED assertion ASSERT_CL_SUCCESS(clSetKernelArg(kernel, 3, sizeof(arguments.atomicsPerCacheline.getSizeOf()), arguments.atomicsPerCacheline.getAddressOf()))
	value: -51 (CL_INVALID_ARG_SIZE)
	Location: /data/data/com.termux/files/home/compute-benchmarks/source/benchmarks/atomic_benchmark/implementations/ocl/separate_atomics_explicit_ocl.cpp:87

[  FAILED  ] SeparateAtomicsExplicitTest/SeparateAtomicsExplicitTest.Test/156
FAILED assertion ASSERT_CL_SUCCESS(clSetKernelArg(kernel, 3, sizeof(arguments.atomicsPerCacheline.getSizeOf()), arguments.atomicsPerCacheline.getAddressOf()))
	value: -51 (CL_INVALID_ARG_SIZE)
	Location: /data/data/com.termux/files/home/compute-benchmarks/source/benchmarks/atomic_benchmark/implementations/ocl/separate_atomics_explicit_ocl.cpp:87

[  FAILED  ] SeparateAtomicsExplicitTest/SeparateAtomicsExplicitTest.Test/157
FAILED assertion ASSERT_CL_SUCCESS(clSetKernelArg(kernel, 3, sizeof(arguments.atomicsPerCacheline.getSizeOf()), arguments.atomicsPerCacheline.getAddressOf()))
	value: -51 (CL_INVALID_ARG_SIZE)
	Location: /data/data/com.termux/files/home/compute-benchmarks/source/benchmarks/atomic_benchmark/implementations/ocl/separate_atomics_explicit_ocl.cpp:87

[  FAILED  ] SeparateAtomicsExplicitTest/SeparateAtomicsExplicitTest.Test/158
FAILED assertion ASSERT_CL_SUCCESS(clSetKernelArg(kernel, 3, sizeof(arguments.atomicsPerCacheline.getSizeOf()), arguments.atomicsPerCacheline.getAddressOf()))
	value: -51 (CL_INVALID_ARG_SIZE)
	Location: /data/data/com.termux/files/home/compute-benchmarks/source/benchmarks/atomic_benchmark/implementations/ocl/separate_atomics_explicit_ocl.cpp:87

[  FAILED  ] SeparateAtomicsExplicitTest/SeparateAtomicsExplicitTest.Test/159
FAILED assertion ASSERT_CL_SUCCESS(clSetKernelArg(kernel, 3, sizeof(arguments.atomicsPerCacheline.getSizeOf()), arguments.atomicsPerCacheline.getAddressOf()))
	value: -51 (CL_INVALID_ARG_SIZE)
	Location: /data/data/com.termux/files/home/compute-benchmarks/source/benchmarks/atomic_benchmark/implementations/ocl/separate_atomics_explicit_ocl.cpp:87

[  FAILED  ] SeparateAtomicsExplicitTest/SeparateAtomicsExplicitTest.Test/160
FAILED assertion ASSERT_CL_SUCCESS(clSetKernelArg(kernel, 3, sizeof(arguments.atomicsPerCacheline.getSizeOf()), arguments.atomicsPerCacheline.getAddressOf()))
	value: -51 (CL_INVALID_ARG_SIZE)
	Location: /data/data/com.termux/files/home/compute-benchmarks/source/benchmarks/atomic_benchmark/implementations/ocl/separate_atomics_explicit_ocl.cpp:87

[  FAILED  ] SeparateAtomicsExplicitTest/SeparateAtomicsExplicitTest.Test/161
FAILED assertion ASSERT_CL_SUCCESS(clSetKernelArg(kernel, 3, sizeof(arguments.atomicsPerCacheline.getSizeOf()), arguments.atomicsPerCacheline.getAddressOf()))
	value: -51 (CL_INVALID_ARG_SIZE)
	Location: /data/data/com.termux/files/home/compute-benchmarks/source/benchmarks/atomic_benchmark/implementations/ocl/separate_atomics_explicit_ocl.cpp:87

[  FAILED  ] SeparateAtomicsExplicitTest/SeparateAtomicsExplicitTest.Test/162
FAILED assertion ASSERT_CL_SUCCESS(clSetKernelArg(kernel, 3, sizeof(arguments.atomicsPerCacheline.getSizeOf()), arguments.atomicsPerCacheline.getAddressOf()))
	value: -51 (CL_INVALID_ARG_SIZE)
	Location: /data/data/com.termux/files/home/compute-benchmarks/source/benchmarks/atomic_benchmark/implementations/ocl/separate_atomics_explicit_ocl.cpp:87

[  FAILED  ] SeparateAtomicsExplicitTest/SeparateAtomicsExplicitTest.Test/163
FAILED assertion ASSERT_CL_SUCCESS(clSetKernelArg(kernel, 3, sizeof(arguments.atomicsPerCacheline.getSizeOf()), arguments.atomicsPerCacheline.getAddressOf()))
	value: -51 (CL_INVALID_ARG_SIZE)
	Location: /data/data/com.termux/files/home/compute-benchmarks/source/benchmarks/atomic_benchmark/implementations/ocl/separate_atomics_explicit_ocl.cpp:87

[  FAILED  ] SeparateAtomicsExplicitTest/SeparateAtomicsExplicitTest.Test/164
FAILED assertion ASSERT_CL_SUCCESS(clSetKernelArg(kernel, 3, sizeof(arguments.atomicsPerCacheline.getSizeOf()), arguments.atomicsPerCacheline.getAddressOf()))
	value: -51 (CL_INVALID_ARG_SIZE)
	Location: /data/data/com.termux/files/home/compute-benchmarks/source/benchmarks/atomic_benchmark/implementations/ocl/separate_atomics_explicit_ocl.cpp:87

[  FAILED  ] SeparateAtomicsExplicitTest/SeparateAtomicsExplicitTest.Test/165
FAILED assertion ASSERT_CL_SUCCESS(clSetKernelArg(kernel, 3, sizeof(arguments.atomicsPerCacheline.getSizeOf()), arguments.atomicsPerCacheline.getAddressOf()))
	value: -51 (CL_INVALID_ARG_SIZE)
	Location: /data/data/com.termux/files/home/compute-benchmarks/source/benchmarks/atomic_benchmark/implementations/ocl/separate_atomics_explicit_ocl.cpp:87

[  FAILED  ] SeparateAtomicsExplicitTest/SeparateAtomicsExplicitTest.Test/166
FAILED assertion ASSERT_CL_SUCCESS(clSetKernelArg(kernel, 3, sizeof(arguments.atomicsPerCacheline.getSizeOf()), arguments.atomicsPerCacheline.getAddressOf()))
	value: -51 (CL_INVALID_ARG_SIZE)
	Location: /data/data/com.termux/files/home/compute-benchmarks/source/benchmarks/atomic_benchmark/implementations/ocl/separate_atomics_explicit_ocl.cpp:87

[  FAILED  ] SeparateAtomicsExplicitTest/SeparateAtomicsExplicitTest.Test/167
FAILED assertion ASSERT_CL_SUCCESS(clSetKernelArg(kernel, 3, sizeof(arguments.atomicsPerCacheline.getSizeOf()), arguments.atomicsPerCacheline.getAddressOf()))
	value: -51 (CL_INVALID_ARG_SIZE)
	Location: /data/data/com.termux/files/home/compute-benchmarks/source/benchmarks/atomic_benchmark/implementations/ocl/separate_atomics_explicit_ocl.cpp:87

[  FAILED  ] SeparateAtomicsExplicitTest/SeparateAtomicsExplicitTest.Test/168
FAILED assertion ASSERT_CL_SUCCESS(clSetKernelArg(kernel, 3, sizeof(arguments.atomicsPerCacheline.getSizeOf()), arguments.atomicsPerCacheline.getAddressOf()))
	value: -51 (CL_INVALID_ARG_SIZE)
	Location: /data/data/com.termux/files/home/compute-benchmarks/source/benchmarks/atomic_benchmark/implementations/ocl/separate_atomics_explicit_ocl.cpp:87

[  FAILED  ] SeparateAtomicsExplicitTest/SeparateAtomicsExplicitTest.Test/169
FAILED assertion ASSERT_CL_SUCCESS(clSetKernelArg(kernel, 3, sizeof(arguments.atomicsPerCacheline.getSizeOf()), arguments.atomicsPerCacheline.getAddressOf()))
	value: -51 (CL_INVALID_ARG_SIZE)
	Location: /data/data/com.termux/files/home/compute-benchmarks/source/benchmarks/atomic_benchmark/implementations/ocl/separate_atomics_explicit_ocl.cpp:87

[  FAILED  ] SeparateAtomicsExplicitTest/SeparateAtomicsExplicitTest.Test/170
FAILED assertion ASSERT_CL_SUCCESS(clSetKernelArg(kernel, 3, sizeof(arguments.atomicsPerCacheline.getSizeOf()), arguments.atomicsPerCacheline.getAddressOf()))
	value: -51 (CL_INVALID_ARG_SIZE)
	Location: /data/data/com.termux/files/home/compute-benchmarks/source/benchmarks/atomic_benchmark/implementations/ocl/separate_atomics_explicit_ocl.cpp:87

[  FAILED  ] SeparateAtomicsExplicitTest/SeparateAtomicsExplicitTest.Test/171
FAILED assertion ASSERT_CL_SUCCESS(clSetKernelArg(kernel, 3, sizeof(arguments.atomicsPerCacheline.getSizeOf()), arguments.atomicsPerCacheline.getAddressOf()))
	value: -51 (CL_INVALID_ARG_SIZE)
	Location: /data/data/com.termux/files/home/compute-benchmarks/source/benchmarks/atomic_benchmark/implementations/ocl/separate_atomics_explicit_ocl.cpp:87

[  FAILED  ] SeparateAtomicsExplicitTest/SeparateAtomicsExplicitTest.Test/172
FAILED assertion ASSERT_CL_SUCCESS(clSetKernelArg(kernel, 3, sizeof(arguments.atomicsPerCacheline.getSizeOf()), arguments.atomicsPerCacheline.getAddressOf()))
	value: -51 (CL_INVALID_ARG_SIZE)
	Location: /data/data/com.termux/files/home/compute-benchmarks/source/benchmarks/atomic_benchmark/implementations/ocl/separate_atomics_explicit_ocl.cpp:87

[  FAILED  ] SeparateAtomicsExplicitTest/SeparateAtomicsExplicitTest.Test/173
FAILED assertion ASSERT_CL_SUCCESS(clSetKernelArg(kernel, 3, sizeof(arguments.atomicsPerCacheline.getSizeOf()), arguments.atomicsPerCacheline.getAddressOf()))
	value: -51 (CL_INVALID_ARG_SIZE)
	Location: /data/data/com.termux/files/home/compute-benchmarks/source/benchmarks/atomic_benchmark/implementations/ocl/separate_atomics_explicit_ocl.cpp:87

[  FAILED  ] SeparateAtomicsExplicitTest/SeparateAtomicsExplicitTest.Test/174
FAILED assertion ASSERT_CL_SUCCESS(clSetKernelArg(kernel, 3, sizeof(arguments.atomicsPerCacheline.getSizeOf()), arguments.atomicsPerCacheline.getAddressOf()))
	value: -51 (CL_INVALID_ARG_SIZE)
	Location: /data/data/com.termux/files/home/compute-benchmarks/source/benchmarks/atomic_benchmark/implementations/ocl/separate_atomics_explicit_ocl.cpp:87

[  FAILED  ] SeparateAtomicsExplicitTest/SeparateAtomicsExplicitTest.Test/175
FAILED assertion ASSERT_CL_SUCCESS(clSetKernelArg(kernel, 3, sizeof(arguments.atomicsPerCacheline.getSizeOf()), arguments.atomicsPerCacheline.getAddressOf()))
	value: -51 (CL_INVALID_ARG_SIZE)
	Location: /data/data/com.termux/files/home/compute-benchmarks/source/benchmarks/atomic_benchmark/implementations/ocl/separate_atomics_explicit_ocl.cpp:87

[  FAILED  ] SeparateAtomicsExplicitTest/SeparateAtomicsExplicitTest.Test/176
FAILED assertion ASSERT_CL_SUCCESS(clSetKernelArg(kernel, 3, sizeof(arguments.atomicsPerCacheline.getSizeOf()), arguments.atomicsPerCacheline.getAddressOf()))
	value: -51 (CL_INVALID_ARG_SIZE)
	Location: /data/data/com.termux/files/home/compute-benchmarks/source/benchmarks/atomic_benchmark/implementations/ocl/separate_atomics_explicit_ocl.cpp:87

[  FAILED  ] SeparateAtomicsExplicitTest/SeparateAtomicsExplicitTest.Test/177
FAILED assertion ASSERT_CL_SUCCESS(clSetKernelArg(kernel, 3, sizeof(arguments.atomicsPerCacheline.getSizeOf()), arguments.atomicsPerCacheline.getAddressOf()))
	value: -51 (CL_INVALID_ARG_SIZE)
	Location: /data/data/com.termux/files/home/compute-benchmarks/source/benchmarks/atomic_benchmark/implementations/ocl/separate_atomics_explicit_ocl.cpp:87

[  FAILED  ] SeparateAtomicsExplicitTest/SeparateAtomicsExplicitTest.Test/178
FAILED assertion ASSERT_CL_SUCCESS(clSetKernelArg(kernel, 3, sizeof(arguments.atomicsPerCacheline.getSizeOf()), arguments.atomicsPerCacheline.getAddressOf()))
	value: -51 (CL_INVALID_ARG_SIZE)
	Location: /data/data/com.termux/files/home/compute-benchmarks/source/benchmarks/atomic_benchmark/implementations/ocl/separate_atomics_explicit_ocl.cpp:87

[  FAILED  ] SeparateAtomicsExplicitTest/SeparateAtomicsExplicitTest.Test/179
FAILED assertion ASSERT_CL_SUCCESS(clSetKernelArg(kernel, 3, sizeof(arguments.atomicsPerCacheline.getSizeOf()), arguments.atomicsPerCacheline.getAddressOf()))
	value: -51 (CL_INVALID_ARG_SIZE)
	Location: /data/data/com.termux/files/home/compute-benchmarks/source/benchmarks/atomic_benchmark/implementations/ocl/separate_atomics_explicit_ocl.cpp:87

[  FAILED  ] SeparateAtomicsExplicitTest/SeparateAtomicsExplicitTest.Test/180
FAILED assertion ASSERT_CL_SUCCESS(clSetKernelArg(kernel, 3, sizeof(arguments.atomicsPerCacheline.getSizeOf()), arguments.atomicsPerCacheline.getAddressOf()))
	value: -51 (CL_INVALID_ARG_SIZE)
	Location: /data/data/com.termux/files/home/compute-benchmarks/source/benchmarks/atomic_benchmark/implementations/ocl/separate_atomics_explicit_ocl.cpp:87

[  FAILED  ] SeparateAtomicsExplicitTest/SeparateAtomicsExplicitTest.Test/181
FAILED assertion ASSERT_CL_SUCCESS(clSetKernelArg(kernel, 3, sizeof(arguments.atomicsPerCacheline.getSizeOf()), arguments.atomicsPerCacheline.getAddressOf()))
	value: -51 (CL_INVALID_ARG_SIZE)
	Location: /data/data/com.termux/files/home/compute-benchmarks/source/benchmarks/atomic_benchmark/implementations/ocl/separate_atomics_explicit_ocl.cpp:87

[  FAILED  ] SeparateAtomicsExplicitTest/SeparateAtomicsExplicitTest.Test/182
FAILED assertion ASSERT_CL_SUCCESS(clSetKernelArg(kernel, 3, sizeof(arguments.atomicsPerCacheline.getSizeOf()), arguments.atomicsPerCacheline.getAddressOf()))
	value: -51 (CL_INVALID_ARG_SIZE)
	Location: /data/data/com.termux/files/home/compute-benchmarks/source/benchmarks/atomic_benchmark/implementations/ocl/separate_atomics_explicit_ocl.cpp:87

[  FAILED  ] SeparateAtomicsExplicitTest/SeparateAtomicsExplicitTest.Test/183
FAILED assertion ASSERT_CL_SUCCESS(clSetKernelArg(kernel, 3, sizeof(arguments.atomicsPerCacheline.getSizeOf()), arguments.atomicsPerCacheline.getAddressOf()))
	value: -51 (CL_INVALID_ARG_SIZE)
	Location: /data/data/com.termux/files/home/compute-benchmarks/source/benchmarks/atomic_benchmark/implementations/ocl/separate_atomics_explicit_ocl.cpp:87

[  FAILED  ] SeparateAtomicsExplicitTest/SeparateAtomicsExplicitTest.Test/184
FAILED assertion ASSERT_CL_SUCCESS(clSetKernelArg(kernel, 3, sizeof(arguments.atomicsPerCacheline.getSizeOf()), arguments.atomicsPerCacheline.getAddressOf()))
	value: -51 (CL_INVALID_ARG_SIZE)
	Location: /data/data/com.termux/files/home/compute-benchmarks/source/benchmarks/atomic_benchmark/implementations/ocl/separate_atomics_explicit_ocl.cpp:87

[  FAILED  ] SeparateAtomicsExplicitTest/SeparateAtomicsExplicitTest.Test/185
FAILED assertion ASSERT_CL_SUCCESS(clSetKernelArg(kernel, 3, sizeof(arguments.atomicsPerCacheline.getSizeOf()), arguments.atomicsPerCacheline.getAddressOf()))
	value: -51 (CL_INVALID_ARG_SIZE)
	Location: /data/data/com.termux/files/home/compute-benchmarks/source/benchmarks/atomic_benchmark/implementations/ocl/separate_atomics_explicit_ocl.cpp:87

[  FAILED  ] SeparateAtomicsExplicitTest/SeparateAtomicsExplicitTest.Test/186
FAILED assertion ASSERT_CL_SUCCESS(clSetKernelArg(kernel, 3, sizeof(arguments.atomicsPerCacheline.getSizeOf()), arguments.atomicsPerCacheline.getAddressOf()))
	value: -51 (CL_INVALID_ARG_SIZE)
	Location: /data/data/com.termux/files/home/compute-benchmarks/source/benchmarks/atomic_benchmark/implementations/ocl/separate_atomics_explicit_ocl.cpp:87

[  FAILED  ] SeparateAtomicsExplicitTest/SeparateAtomicsExplicitTest.Test/187
FAILED assertion ASSERT_CL_SUCCESS(clSetKernelArg(kernel, 3, sizeof(arguments.atomicsPerCacheline.getSizeOf()), arguments.atomicsPerCacheline.getAddressOf()))
	value: -51 (CL_INVALID_ARG_SIZE)
	Location: /data/data/com.termux/files/home/compute-benchmarks/source/benchmarks/atomic_benchmark/implementations/ocl/separate_atomics_explicit_ocl.cpp:87

[  FAILED  ] SeparateAtomicsExplicitTest/SeparateAtomicsExplicitTest.Test/188
FAILED assertion ASSERT_CL_SUCCESS(clSetKernelArg(kernel, 3, sizeof(arguments.atomicsPerCacheline.getSizeOf()), arguments.atomicsPerCacheline.getAddressOf()))
	value: -51 (CL_INVALID_ARG_SIZE)
	Location: /data/data/com.termux/files/home/compute-benchmarks/source/benchmarks/atomic_benchmark/implementations/ocl/separate_atomics_explicit_ocl.cpp:87

[  FAILED  ] SeparateAtomicsExplicitTest/SeparateAtomicsExplicitTest.Test/189
FAILED assertion ASSERT_CL_SUCCESS(clSetKernelArg(kernel, 3, sizeof(arguments.atomicsPerCacheline.getSizeOf()), arguments.atomicsPerCacheline.getAddressOf()))
	value: -51 (CL_INVALID_ARG_SIZE)
	Location: /data/data/com.termux/files/home/compute-benchmarks/source/benchmarks/atomic_benchmark/implementations/ocl/separate_atomics_explicit_ocl.cpp:87

[  FAILED  ] SeparateAtomicsExplicitTest/SeparateAtomicsExplicitTest.Test/190
FAILED assertion ASSERT_CL_SUCCESS(clSetKernelArg(kernel, 3, sizeof(arguments.atomicsPerCacheline.getSizeOf()), arguments.atomicsPerCacheline.getAddressOf()))
	value: -51 (CL_INVALID_ARG_SIZE)
	Location: /data/data/com.termux/files/home/compute-benchmarks/source/benchmarks/atomic_benchmark/implementations/ocl/separate_atomics_explicit_ocl.cpp:87

[  FAILED  ] SeparateAtomicsExplicitTest/SeparateAtomicsExplicitTest.Test/191
FAILED assertion ASSERT_CL_SUCCESS(clSetKernelArg(kernel, 3, sizeof(arguments.atomicsPerCacheline.getSizeOf()), arguments.atomicsPerCacheline.getAddressOf()))
	value: -51 (CL_INVALID_ARG_SIZE)
	Location: /data/data/com.termux/files/home/compute-benchmarks/source/benchmarks/atomic_benchmark/implementations/ocl/separate_atomics_explicit_ocl.cpp:87

[  FAILED  ] SeparateAtomicsExplicitTest/SeparateAtomicsExplicitTest.Test/192
FAILED assertion ASSERT_CL_SUCCESS(clSetKernelArg(kernel, 3, sizeof(arguments.atomicsPerCacheline.getSizeOf()), arguments.atomicsPerCacheline.getAddressOf()))
	value: -51 (CL_INVALID_ARG_SIZE)
	Location: /data/data/com.termux/files/home/compute-benchmarks/source/benchmarks/atomic_benchmark/implementations/ocl/separate_atomics_explicit_ocl.cpp:87

[  FAILED  ] SeparateAtomicsExplicitTest/SeparateAtomicsExplicitTest.Test/193
FAILED assertion ASSERT_CL_SUCCESS(clSetKernelArg(kernel, 3, sizeof(arguments.atomicsPerCacheline.getSizeOf()), arguments.atomicsPerCacheline.getAddressOf()))
	value: -51 (CL_INVALID_ARG_SIZE)
	Location: /data/data/com.termux/files/home/compute-benchmarks/source/benchmarks/atomic_benchmark/implementations/ocl/separate_atomics_explicit_ocl.cpp:87

[  FAILED  ] SeparateAtomicsExplicitTest/SeparateAtomicsExplicitTest.Test/194
FAILED assertion ASSERT_CL_SUCCESS(clSetKernelArg(kernel, 3, sizeof(arguments.atomicsPerCacheline.getSizeOf()), arguments.atomicsPerCacheline.getAddressOf()))
	value: -51 (CL_INVALID_ARG_SIZE)
	Location: /data/data/com.termux/files/home/compute-benchmarks/source/benchmarks/atomic_benchmark/implementations/ocl/separate_atomics_explicit_ocl.cpp:87

[  FAILED  ] SeparateAtomicsExplicitTest/SeparateAtomicsExplicitTest.Test/195
FAILED assertion ASSERT_CL_SUCCESS(clSetKernelArg(kernel, 3, sizeof(arguments.atomicsPerCacheline.getSizeOf()), arguments.atomicsPerCacheline.getAddressOf()))
	value: -51 (CL_INVALID_ARG_SIZE)
	Location: /data/data/com.termux/files/home/compute-benchmarks/source/benchmarks/atomic_benchmark/implementations/ocl/separate_atomics_explicit_ocl.cpp:87

[  FAILED  ] SeparateAtomicsExplicitTest/SeparateAtomicsExplicitTest.Test/196
FAILED assertion ASSERT_CL_SUCCESS(clSetKernelArg(kernel, 3, sizeof(arguments.atomicsPerCacheline.getSizeOf()), arguments.atomicsPerCacheline.getAddressOf()))
	value: -51 (CL_INVALID_ARG_SIZE)
	Location: /data/data/com.termux/files/home/compute-benchmarks/source/benchmarks/atomic_benchmark/implementations/ocl/separate_atomics_explicit_ocl.cpp:87

[  FAILED  ] SeparateAtomicsExplicitTest/SeparateAtomicsExplicitTest.Test/197
FAILED assertion ASSERT_CL_SUCCESS(clSetKernelArg(kernel, 3, sizeof(arguments.atomicsPerCacheline.getSizeOf()), arguments.atomicsPerCacheline.getAddressOf()))
	value: -51 (CL_INVALID_ARG_SIZE)
	Location: /data/data/com.termux/files/home/compute-benchmarks/source/benchmarks/atomic_benchmark/implementations/ocl/separate_atomics_explicit_ocl.cpp:87

[  FAILED  ] SeparateAtomicsExplicitTest/SeparateAtomicsExplicitTest.Test/198
FAILED assertion ASSERT_CL_SUCCESS(clSetKernelArg(kernel, 3, sizeof(arguments.atomicsPerCacheline.getSizeOf()), arguments.atomicsPerCacheline.getAddressOf()))
	value: -51 (CL_INVALID_ARG_SIZE)
	Location: /data/data/com.termux/files/home/compute-benchmarks/source/benchmarks/atomic_benchmark/implementations/ocl/separate_atomics_explicit_ocl.cpp:87

[  FAILED  ] SeparateAtomicsExplicitTest/SeparateAtomicsExplicitTest.Test/199
FAILED assertion ASSERT_CL_SUCCESS(clSetKernelArg(kernel, 3, sizeof(arguments.atomicsPerCacheline.getSizeOf()), arguments.atomicsPerCacheline.getAddressOf()))
	value: -51 (CL_INVALID_ARG_SIZE)
	Location: /data/data/com.termux/files/home/compute-benchmarks/source/benchmarks/atomic_benchmark/implementations/ocl/separate_atomics_explicit_ocl.cpp:87

